2020-06-15 23:15:43,883-INFO-invest-日志信息：this is a invest log info-(mylog.py:50)
2020-06-15 23:25:20,032-INFO-invest-日志信息：this is a invest log info-(mylog.py:49)
2020-06-16 22:52:23,640-INFO-invest-日志信息：this is a invest log info-(mylog.py:49)
2020-06-16 22:52:24,171-INFO-LoginTest-日志信息：case.expected:{"status":1,"code":"10001","data":null,"msg":"登录成功"}-(test_login.py:35)
2020-06-16 22:52:24,292-INFO-LoginTest-日志信息：case.expected:{"status":0,"code":"20103","data":null,"msg":"手机号不能为空"}-(test_login.py:35)
2020-06-16 22:52:24,566-INFO-LoginTest-日志信息：case.expected:{"status":0,"code":"20111","data":null,"msg":"用户名或密码错误"}-(test_login.py:35)
2020-06-16 22:52:24,856-INFO-LoginTest-日志信息：case.expected:{"status":0,"code":"20111","data":null,"msg":"用户名或密码错误"}-(test_login.py:35)
2020-06-16 22:52:24,983-INFO-LoginTest-日志信息：case.expected:{"status":0,"code":"20103","data":null,"msg":"密码不能为空"}-(test_login.py:35)
2020-06-16 22:52:25,270-INFO-LoginTest-日志信息：case.expected:{"status":0,"code":"20111","data":null,"msg":"用户名或密码错误"}-(test_login.py:35)
2020-06-16 22:52:25,574-INFO-LoginTest-日志信息：case.expected:{"status":0,"code":"20111","data":null,"msg":"用户名或密码错误"}-(test_login.py:35)
2020-06-16 22:52:25,854-INFO-LoginTest-日志信息：case.expected:{"status":0,"code":"20111","data":null,"msg":"用户名或密码错误"}-(test_login.py:35)
2020-06-16 23:08:35,926-INFO-invest-日志信息：this is a invest log info-(mylog.py:49)
2020-06-16 23:08:36,306-INFO-LoginTest-日志信息：case.expected:{"status":1,"code":"10001","data":null,"msg":"登录成功"}-(test_login.py:35)
2020-06-16 23:08:36,361-INFO-LoginTest-日志信息：第1条用例测试结果：PASS-(test_login.py:39)
2020-06-16 23:08:36,416-INFO-LoginTest-日志信息：case.expected:{"status":0,"code":"20103","data":null,"msg":"手机号不能为空"}-(test_login.py:35)
2020-06-16 23:08:36,462-INFO-LoginTest-日志信息：第2条用例测试结果：PASS-(test_login.py:39)
2020-06-16 23:08:36,679-INFO-LoginTest-日志信息：case.expected:{"status":0,"code":"20111","data":null,"msg":"用户名或密码错误"}-(test_login.py:35)
2020-06-16 23:08:36,734-INFO-LoginTest-日志信息：第3条用例测试结果：PASS-(test_login.py:39)
2020-06-16 23:08:36,944-INFO-LoginTest-日志信息：case.expected:{"status":0,"code":"20111","data":null,"msg":"用户名或密码错误"}-(test_login.py:35)
2020-06-16 23:08:36,995-INFO-LoginTest-日志信息：第4条用例测试结果：PASS-(test_login.py:39)
2020-06-16 23:08:37,040-INFO-LoginTest-日志信息：case.expected:{"status":0,"code":"20103","data":null,"msg":"密码不能为空"}-(test_login.py:35)
2020-06-16 23:08:37,086-INFO-LoginTest-日志信息：第5条用例测试结果：PASS-(test_login.py:39)
2020-06-16 23:08:37,303-INFO-LoginTest-日志信息：case.expected:{"status":0,"code":"20111","data":null,"msg":"用户名或密码错误"}-(test_login.py:35)
2020-06-16 23:08:37,350-INFO-LoginTest-日志信息：第6条用例测试结果：PASS-(test_login.py:39)
2020-06-16 23:08:37,563-INFO-LoginTest-日志信息：case.expected:{"status":0,"code":"20111","data":null,"msg":"用户名或密码错误"}-(test_login.py:35)
2020-06-16 23:08:37,614-INFO-LoginTest-日志信息：第7条用例测试结果：PASS-(test_login.py:39)
2020-06-16 23:08:37,841-INFO-LoginTest-日志信息：case.expected:{"status":0,"code":"20111","data":null,"msg":"用户名或密码错误"}-(test_login.py:35)
2020-06-16 23:08:37,891-INFO-LoginTest-日志信息：第8条用例测试结果：PASS-(test_login.py:39)
2020-06-16 23:10:03,081-INFO-invest-日志信息：this is a invest log info-(mylog.py:49)
2020-06-16 23:10:03,476-INFO-LoginTest-日志信息：case.expected:{"status":1,"code":"10001","data":null,"msg":"登录成功"}-(test_login.py:35)
2020-06-16 23:10:03,543-INFO-LoginTest-日志信息：第1条用例测试结果：PASS-(test_login.py:39)
2020-06-16 23:10:03,603-INFO-LoginTest-日志信息：case.expected:{"status":0,"code":"20103","data":null,"msg":"手机号不能为空"}-(test_login.py:35)
2020-06-16 23:10:03,670-INFO-LoginTest-日志信息：第2条用例测试结果：PASS-(test_login.py:39)
2020-06-16 23:10:03,892-INFO-LoginTest-日志信息：case.expected:{"status":0,"code":"20111","data":null,"msg":"用户名或密码错误"}-(test_login.py:35)
2020-06-16 23:10:03,975-INFO-LoginTest-日志信息：第3条用例测试结果：PASS-(test_login.py:39)
2020-06-16 23:10:04,197-INFO-LoginTest-日志信息：case.expected:{"status":0,"code":"20111","data":null,"msg":"用户名或密码错误"}-(test_login.py:35)
2020-06-16 23:10:04,256-INFO-LoginTest-日志信息：第4条用例测试结果：PASS-(test_login.py:39)
2020-06-16 23:10:04,325-INFO-LoginTest-日志信息：case.expected:{"status":0,"code":"20103","data":null,"msg":"密码不能为空"}-(test_login.py:35)
2020-06-16 23:10:04,415-INFO-LoginTest-日志信息：第5条用例测试结果：PASS-(test_login.py:39)
2020-06-16 23:10:04,636-INFO-LoginTest-日志信息：case.expected:{"status":0,"code":"20111","data":null,"msg":"用户名或密码错误"}-(test_login.py:35)
2020-06-16 23:10:04,694-INFO-LoginTest-日志信息：第6条用例测试结果：PASS-(test_login.py:39)
2020-06-16 23:10:04,912-INFO-LoginTest-日志信息：case.expected:{"status":0,"code":"20111","data":null,"msg":"用户名或密码错误"}-(test_login.py:35)
2020-06-16 23:10:04,972-INFO-LoginTest-日志信息：第7条用例测试结果：PASS-(test_login.py:39)
2020-06-16 23:10:05,191-INFO-LoginTest-日志信息：case.expected:{"status":0,"code":"20111","data":null,"msg":"用户名或密码错误"}-(test_login.py:35)
2020-06-16 23:10:05,253-INFO-LoginTest-日志信息：第8条用例测试结果：PASS-(test_login.py:39)
2020-06-16 23:10:45,544-INFO-invest-日志信息：this is a invest log info-(mylog.py:49)
2020-06-16 23:10:45,953-INFO-LoginTest-日志信息：case.expected:{"status":1,"code":"10001","data":null,"msg":"登录成功"}-(test_login.py:35)
2020-06-16 23:10:46,023-INFO-LoginTest-日志信息：第1条用例测试结果：PASS-(test_login.py:39)
2020-06-16 23:10:46,086-INFO-LoginTest-日志信息：case.expected:{"status":0,"code":"20103","data":null,"msg":"手机号不能为空"}-(test_login.py:35)
2020-06-16 23:10:46,155-INFO-LoginTest-日志信息：第2条用例测试结果：PASS-(test_login.py:39)
2020-06-16 23:10:46,386-INFO-LoginTest-日志信息：case.expected:{"status":0,"code":"20111","data":null,"msg":"用户名或密码错误"}-(test_login.py:35)
2020-06-16 23:10:46,455-INFO-LoginTest-日志信息：第3条用例测试结果：PASS-(test_login.py:39)
2020-06-16 23:10:46,679-INFO-LoginTest-日志信息：case.expected:{"status":0,"code":"20111","data":null,"msg":"用户名或密码错误"}-(test_login.py:35)
2020-06-16 23:10:46,741-INFO-LoginTest-日志信息：第4条用例测试结果：PASS-(test_login.py:39)
2020-06-16 23:10:46,978-INFO-LoginTest-日志信息：case.expected:{"status":0,"code":"20103","data":null,"msg":"密码不能为空"}-(test_login.py:35)
2020-06-16 23:10:47,038-ERROR-LoginTest-日志信息：第5条用例测试结果：PASS-(test_login.py:42)
2020-06-16 23:10:47,273-INFO-LoginTest-日志信息：case.expected:{"status":0,"code":"20111","data":null,"msg":"用户名或密码错误"}-(test_login.py:35)
2020-06-16 23:10:47,337-INFO-LoginTest-日志信息：第6条用例测试结果：PASS-(test_login.py:39)
2020-06-16 23:10:47,572-INFO-LoginTest-日志信息：case.expected:{"status":0,"code":"20111","data":null,"msg":"用户名或密码错误"}-(test_login.py:35)
2020-06-16 23:10:47,632-INFO-LoginTest-日志信息：第7条用例测试结果：PASS-(test_login.py:39)
2020-06-16 23:10:47,884-INFO-LoginTest-日志信息：case.expected:{"status":0,"code":"20111","data":null,"msg":"用户名或密码错误"}-(test_login.py:35)
2020-06-16 23:10:47,943-INFO-LoginTest-日志信息：第8条用例测试结果：PASS-(test_login.py:39)
2020-06-16 23:11:14,627-INFO-invest-日志信息：this is a invest log info-(mylog.py:49)
2020-06-16 23:11:15,014-INFO-LoginTest-日志信息：case.expected:{"status":1,"code":"10001","data":null,"msg":"登录成功"}-(test_login.py:35)
2020-06-16 23:11:15,084-INFO-LoginTest-日志信息：第1条用例测试结果：PASS-(test_login.py:39)
2020-06-16 23:11:15,129-INFO-LoginTest-日志信息：case.expected:{"status":0,"code":"20103","data":null,"msg":"手机号不能为空"}-(test_login.py:35)
2020-06-16 23:11:15,192-INFO-LoginTest-日志信息：第2条用例测试结果：PASS-(test_login.py:39)
2020-06-16 23:11:15,431-INFO-LoginTest-日志信息：case.expected:{"status":0,"code":"20111","data":null,"msg":"用户名或密码错误"}-(test_login.py:35)
2020-06-16 23:11:15,498-INFO-LoginTest-日志信息：第3条用例测试结果：PASS-(test_login.py:39)
2020-06-16 23:11:15,713-INFO-LoginTest-日志信息：case.expected:{"status":0,"code":"20111","data":null,"msg":"用户名或密码错误"}-(test_login.py:35)
2020-06-16 23:11:15,783-INFO-LoginTest-日志信息：第4条用例测试结果：PASS-(test_login.py:39)
2020-06-16 23:11:16,019-INFO-LoginTest-日志信息：case.expected:{"status":0,"code":"20103","data":null,"msg":"密码不能为空"}-(test_login.py:35)
2020-06-16 23:11:16,089-ERROR-LoginTest-日志信息：第5条用例测试结果：FAIL-(test_login.py:42)
2020-06-16 23:11:16,335-INFO-LoginTest-日志信息：case.expected:{"status":0,"code":"20111","data":null,"msg":"用户名或密码错误"}-(test_login.py:35)
2020-06-16 23:11:16,396-INFO-LoginTest-日志信息：第6条用例测试结果：PASS-(test_login.py:39)
2020-06-16 23:11:16,636-INFO-LoginTest-日志信息：case.expected:{"status":0,"code":"20111","data":null,"msg":"用户名或密码错误"}-(test_login.py:35)
2020-06-16 23:11:16,696-INFO-LoginTest-日志信息：第7条用例测试结果：PASS-(test_login.py:39)
2020-06-16 23:11:16,928-INFO-LoginTest-日志信息：case.expected:{"status":0,"code":"20111","data":null,"msg":"用户名或密码错误"}-(test_login.py:35)
2020-06-16 23:11:16,995-INFO-LoginTest-日志信息：第8条用例测试结果：PASS-(test_login.py:39)
2020-06-16 23:17:11,536-INFO-invest-日志信息：this is a invest log info-(mylog.py:49)
2020-06-16 23:17:11,891-INFO-case-日志信息：case.expected:10001-(test_recharge.py:46)
2020-06-16 23:17:11,963-INFO-case-日志信息：这是第1条用例测试结果：PASS-(test_recharge.py:50)
2020-06-16 23:17:12,701-INFO-case-日志信息：case.expected:10001-(test_recharge.py:46)
2020-06-16 23:17:12,763-INFO-case-日志信息：这是第2条用例测试结果：PASS-(test_recharge.py:50)
2020-06-16 23:17:12,811-INFO-case-日志信息：case.expected:20103-(test_recharge.py:46)
2020-06-16 23:17:12,889-INFO-case-日志信息：这是第3条用例测试结果：PASS-(test_recharge.py:50)
2020-06-16 23:17:12,936-INFO-case-日志信息：case.expected:20109-(test_recharge.py:46)
2020-06-16 23:17:13,017-INFO-case-日志信息：这是第4条用例测试结果：PASS-(test_recharge.py:50)
2020-06-16 23:17:13,258-INFO-case-日志信息：case.expected:20104-(test_recharge.py:46)
2020-06-16 23:17:13,323-INFO-case-日志信息：这是第5条用例测试结果：PASS-(test_recharge.py:50)
2020-06-16 23:17:13,396-INFO-case-日志信息：case.expected:20115-(test_recharge.py:46)
2020-06-16 23:17:13,469-INFO-case-日志信息：这是第6条用例测试结果：PASS-(test_recharge.py:50)
2020-06-16 23:17:13,515-INFO-case-日志信息：case.expected:20116-(test_recharge.py:46)
2020-06-16 23:17:13,589-INFO-case-日志信息：这是第7条用例测试结果：PASS-(test_recharge.py:50)
2020-06-16 23:17:13,636-INFO-case-日志信息：case.expected:20117-(test_recharge.py:46)
2020-06-16 23:17:13,704-INFO-case-日志信息：这是第8条用例测试结果：PASS-(test_recharge.py:50)
2020-06-16 23:17:13,760-INFO-case-日志信息：case.expected:20117-(test_recharge.py:46)
2020-06-16 23:17:13,838-INFO-case-日志信息：这是第9条用例测试结果：PASS-(test_recharge.py:50)
2020-06-16 23:17:13,906-INFO-case-日志信息：case.expected:20118-(test_recharge.py:46)
2020-06-16 23:17:13,993-INFO-case-日志信息：这是第10条用例测试结果：PASS-(test_recharge.py:50)
2020-06-16 23:18:00,298-INFO-invest-日志信息：this is a invest log info-(mylog.py:49)
2020-06-16 23:18:00,642-INFO-case-日志信息：case.expected:10001-(test_recharge.py:46)
2020-06-16 23:18:00,706-INFO-case-日志信息：这是第1条用例测试结果：PASS-(test_recharge.py:50)
2020-06-16 23:18:01,321-INFO-case-日志信息：case.expected:10001-(test_recharge.py:46)
2020-06-16 23:18:01,383-INFO-case-日志信息：这是第2条用例测试结果：PASS-(test_recharge.py:50)
2020-06-16 23:18:01,431-INFO-case-日志信息：case.expected:20103-(test_recharge.py:46)
2020-06-16 23:18:01,491-INFO-case-日志信息：这是第3条用例测试结果：PASS-(test_recharge.py:50)
2020-06-16 23:18:01,551-INFO-case-日志信息：case.expected:20109-(test_recharge.py:46)
2020-06-16 23:18:01,638-INFO-case-日志信息：这是第4条用例测试结果：PASS-(test_recharge.py:50)
2020-06-16 23:18:02,005-INFO-case-日志信息：case.expected:20104-(test_recharge.py:46)
2020-06-16 23:18:02,081-INFO-case-日志信息：这是第5条用例测试结果：PASS-(test_recharge.py:50)
2020-06-16 23:18:02,151-INFO-case-日志信息：case.expected:20115-(test_recharge.py:46)
2020-06-16 23:18:02,217-INFO-case-日志信息：这是第6条用例测试结果：PASS-(test_recharge.py:50)
2020-06-16 23:18:02,271-INFO-case-日志信息：case.expected:20116-(test_recharge.py:46)
2020-06-16 23:18:02,347-INFO-case-日志信息：这是第7条用例测试结果：PASS-(test_recharge.py:50)
2020-06-16 23:18:02,396-INFO-case-日志信息：case.expected:20117-(test_recharge.py:46)
2020-06-16 23:18:02,464-INFO-case-日志信息：这是第8条用例测试结果：PASS-(test_recharge.py:50)
2020-06-16 23:18:02,522-INFO-case-日志信息：case.expected:20117-(test_recharge.py:46)
2020-06-16 23:18:02,607-INFO-case-日志信息：这是第9条用例测试结果：PASS-(test_recharge.py:50)
2020-06-16 23:18:02,660-INFO-case-日志信息：case.expected:20118-(test_recharge.py:46)
2020-06-16 23:18:02,744-INFO-case-日志信息：这是第10条用例测试结果：PASS-(test_recharge.py:50)
2020-06-16 23:21:21,849-INFO-invest-日志信息：this is a invest log info-(mylog.py:49)
2020-06-16 23:21:21,910-INFO-request-日志信息：method:POST,url:http://test.lemonban.com/futureloan/mvc/api/member/login-(request_method.py:22)
2020-06-16 23:21:21,911-INFO-request-日志信息：data:{'mobilephone': '13522450475', 'pwd': '123456'}-(request_method.py:23)
2020-06-16 23:21:22,255-INFO-request-日志信息：response:{"status":1,"code":"10001","data":null,"msg":"登录成功"}-(request_method.py:32)
2020-06-16 23:21:22,255-INFO-case-日志信息：case.expected:{"status":1,"code":"10001","data":null,"msg":"登录成功"}-(test_login.py:35)
2020-06-16 23:21:22,322-INFO-case-日志信息：第1条用例测试结果：PASS-(test_login.py:39)
2020-06-16 23:21:22,323-INFO-request-日志信息：method:POST,url:http://test.lemonban.com/futureloan/mvc/api/member/login-(request_method.py:22)
2020-06-16 23:21:22,323-INFO-request-日志信息：data:{'mobilephone': ' ', 'pwd': '1234567'}-(request_method.py:23)
2020-06-16 23:21:22,372-INFO-request-日志信息：response:{"status":0,"code":"20103","data":null,"msg":"手机号不能为空"}-(request_method.py:32)
2020-06-16 23:21:22,372-INFO-case-日志信息：case.expected:{"status":0,"code":"20103","data":null,"msg":"手机号不能为空"}-(test_login.py:35)
2020-06-16 23:21:22,439-INFO-case-日志信息：第2条用例测试结果：PASS-(test_login.py:39)
2020-06-16 23:21:22,441-INFO-request-日志信息：method:POST,url:http://test.lemonban.com/futureloan/mvc/api/member/login-(request_method.py:22)
2020-06-16 23:21:22,441-INFO-request-日志信息：data:{'mobilephone': '13512345678', 'pwd': '1234568'}-(request_method.py:23)
2020-06-16 23:21:22,657-INFO-request-日志信息：response:{"status":0,"code":"20111","data":null,"msg":"用户名或密码错误"}-(request_method.py:32)
2020-06-16 23:21:22,657-INFO-case-日志信息：case.expected:{"status":0,"code":"20111","data":null,"msg":"用户名或密码错误"}-(test_login.py:35)
2020-06-16 23:21:22,718-INFO-case-日志信息：第3条用例测试结果：PASS-(test_login.py:39)
2020-06-16 23:21:22,719-INFO-request-日志信息：method:GET,url:http://test.lemonban.com/futureloan/mvc/api/member/login-(request_method.py:22)
2020-06-16 23:21:22,719-INFO-request-日志信息：data:{'mobilephone': '13512345678a', 'pwd': '1234569'}-(request_method.py:23)
2020-06-16 23:21:22,959-INFO-request-日志信息：response:{"status":0,"code":"20111","data":null,"msg":"用户名或密码错误"}-(request_method.py:27)
2020-06-16 23:21:22,960-INFO-case-日志信息：case.expected:{"status":0,"code":"20111","data":null,"msg":"用户名或密码错误"}-(test_login.py:35)
2020-06-16 23:21:23,034-INFO-case-日志信息：第4条用例测试结果：PASS-(test_login.py:39)
2020-06-16 23:21:23,035-INFO-request-日志信息：method:GET,url:http://test.lemonban.com/futureloan/mvc/api/member/login-(request_method.py:22)
2020-06-16 23:21:23,036-INFO-request-日志信息：data:{'mobilephone': '13512345678a', 'pwd': ' '}-(request_method.py:23)
2020-06-16 23:21:23,097-INFO-request-日志信息：response:{"status":0,"code":"20103","data":null,"msg":"密码不能为空"}-(request_method.py:27)
2020-06-16 23:21:23,097-INFO-case-日志信息：case.expected:{"status":0,"code":"20103","data":null,"msg":"密码不能为空"}-(test_login.py:35)
2020-06-16 23:21:23,161-INFO-case-日志信息：第5条用例测试结果：PASS-(test_login.py:39)
2020-06-16 23:21:23,162-INFO-request-日志信息：method:GET,url:http://test.lemonban.com/futureloan/mvc/api/member/login-(request_method.py:22)
2020-06-16 23:21:23,162-INFO-request-日志信息：data:{'mobilephone': '13522450475', 'pwd': '1234567'}-(request_method.py:23)
2020-06-16 23:21:23,376-INFO-request-日志信息：response:{"status":0,"code":"20111","data":null,"msg":"用户名或密码错误"}-(request_method.py:27)
2020-06-16 23:21:23,377-INFO-case-日志信息：case.expected:{"status":0,"code":"20111","data":null,"msg":"用户名或密码错误"}-(test_login.py:35)
2020-06-16 23:21:23,440-INFO-case-日志信息：第6条用例测试结果：PASS-(test_login.py:39)
2020-06-16 23:21:23,441-INFO-request-日志信息：method:GET,url:http://test.lemonban.com/futureloan/mvc/api/member/login-(request_method.py:22)
2020-06-16 23:21:23,441-INFO-request-日志信息：data:{'mobilephone': '13522450475', 'pwd': '1234567A'}-(request_method.py:23)
2020-06-16 23:21:23,682-INFO-request-日志信息：response:{"status":0,"code":"20111","data":null,"msg":"用户名或密码错误"}-(request_method.py:27)
2020-06-16 23:21:23,682-INFO-case-日志信息：case.expected:{"status":0,"code":"20111","data":null,"msg":"用户名或密码错误"}-(test_login.py:35)
2020-06-16 23:21:23,755-INFO-case-日志信息：第7条用例测试结果：PASS-(test_login.py:39)
2020-06-16 23:21:23,756-INFO-request-日志信息：method:GET,url:http://test.lemonban.com/futureloan/mvc/api/member/login-(request_method.py:22)
2020-06-16 23:21:23,757-INFO-request-日志信息：data:{'mobilephone': '13522450475', 'pwd': '@#$%@#'}-(request_method.py:23)
2020-06-16 23:21:23,987-INFO-request-日志信息：response:{"status":0,"code":"20111","data":null,"msg":"用户名或密码错误"}-(request_method.py:27)
2020-06-16 23:21:23,988-INFO-case-日志信息：case.expected:{"status":0,"code":"20111","data":null,"msg":"用户名或密码错误"}-(test_login.py:35)
2020-06-16 23:21:24,049-INFO-case-日志信息：第8条用例测试结果：PASS-(test_login.py:39)
2020-06-16 23:21:47,940-INFO-invest-日志信息：this is a invest log info-(mylog.py:49)
2020-06-16 23:21:48,018-INFO-request-日志信息：method:POST,url:http://test.lemonban.com/futureloan/mvc/api/member/login-(request_method.py:22)
2020-06-16 23:21:48,018-INFO-request-日志信息：data:{'mobilephone': '13522450475', 'pwd': '123456'}-(request_method.py:23)
2020-06-16 23:21:48,339-INFO-request-日志信息：response:{"status":1,"code":"10001","data":null,"msg":"登录成功"}-(request_method.py:32)
2020-06-16 23:21:48,339-INFO-LoginTest-日志信息：case.expected:{"status":1,"code":"10001","data":null,"msg":"登录成功"}-(test_login.py:35)
2020-06-16 23:21:48,408-INFO-LoginTest-日志信息：第1条用例测试结果：PASS-(test_login.py:39)
2020-06-16 23:21:48,410-INFO-request-日志信息：method:POST,url:http://test.lemonban.com/futureloan/mvc/api/member/login-(request_method.py:22)
2020-06-16 23:21:48,410-INFO-request-日志信息：data:{'mobilephone': ' ', 'pwd': '1234567'}-(request_method.py:23)
2020-06-16 23:21:48,460-INFO-request-日志信息：response:{"status":0,"code":"20103","data":null,"msg":"手机号不能为空"}-(request_method.py:32)
2020-06-16 23:21:48,460-INFO-LoginTest-日志信息：case.expected:{"status":0,"code":"20103","data":null,"msg":"手机号不能为空"}-(test_login.py:35)
2020-06-16 23:21:48,526-INFO-LoginTest-日志信息：第2条用例测试结果：PASS-(test_login.py:39)
2020-06-16 23:21:48,527-INFO-request-日志信息：method:POST,url:http://test.lemonban.com/futureloan/mvc/api/member/login-(request_method.py:22)
2020-06-16 23:21:48,527-INFO-request-日志信息：data:{'mobilephone': '13512345678', 'pwd': '1234568'}-(request_method.py:23)
2020-06-16 23:21:48,761-INFO-request-日志信息：response:{"status":0,"code":"20111","data":null,"msg":"用户名或密码错误"}-(request_method.py:32)
2020-06-16 23:21:48,762-INFO-LoginTest-日志信息：case.expected:{"status":0,"code":"20111","data":null,"msg":"用户名或密码错误"}-(test_login.py:35)
2020-06-16 23:21:48,841-INFO-LoginTest-日志信息：第3条用例测试结果：PASS-(test_login.py:39)
2020-06-16 23:21:48,842-INFO-request-日志信息：method:GET,url:http://test.lemonban.com/futureloan/mvc/api/member/login-(request_method.py:22)
2020-06-16 23:21:48,842-INFO-request-日志信息：data:{'mobilephone': '13512345678a', 'pwd': '1234569'}-(request_method.py:23)
2020-06-16 23:21:49,060-INFO-request-日志信息：response:{"status":0,"code":"20111","data":null,"msg":"用户名或密码错误"}-(request_method.py:27)
2020-06-16 23:21:49,060-INFO-LoginTest-日志信息：case.expected:{"status":0,"code":"20111","data":null,"msg":"用户名或密码错误"}-(test_login.py:35)
2020-06-16 23:21:49,126-INFO-LoginTest-日志信息：第4条用例测试结果：PASS-(test_login.py:39)
2020-06-16 23:21:49,127-INFO-request-日志信息：method:GET,url:http://test.lemonban.com/futureloan/mvc/api/member/login-(request_method.py:22)
2020-06-16 23:21:49,127-INFO-request-日志信息：data:{'mobilephone': '13512345678a', 'pwd': ' '}-(request_method.py:23)
2020-06-16 23:21:49,193-INFO-request-日志信息：response:{"status":0,"code":"20103","data":null,"msg":"密码不能为空"}-(request_method.py:27)
2020-06-16 23:21:49,194-INFO-LoginTest-日志信息：case.expected:{"status":0,"code":"20103","data":null,"msg":"密码不能为空"}-(test_login.py:35)
2020-06-16 23:21:49,260-INFO-LoginTest-日志信息：第5条用例测试结果：PASS-(test_login.py:39)
2020-06-16 23:21:49,261-INFO-request-日志信息：method:GET,url:http://test.lemonban.com/futureloan/mvc/api/member/login-(request_method.py:22)
2020-06-16 23:21:49,261-INFO-request-日志信息：data:{'mobilephone': '13522450475', 'pwd': '1234567'}-(request_method.py:23)
2020-06-16 23:21:49,478-INFO-request-日志信息：response:{"status":0,"code":"20111","data":null,"msg":"用户名或密码错误"}-(request_method.py:27)
2020-06-16 23:21:49,478-INFO-LoginTest-日志信息：case.expected:{"status":0,"code":"20111","data":null,"msg":"用户名或密码错误"}-(test_login.py:35)
2020-06-16 23:21:49,544-INFO-LoginTest-日志信息：第6条用例测试结果：PASS-(test_login.py:39)
2020-06-16 23:21:49,545-INFO-request-日志信息：method:GET,url:http://test.lemonban.com/futureloan/mvc/api/member/login-(request_method.py:22)
2020-06-16 23:21:49,546-INFO-request-日志信息：data:{'mobilephone': '13522450475', 'pwd': '1234567A'}-(request_method.py:23)
2020-06-16 23:21:49,777-INFO-request-日志信息：response:{"status":0,"code":"20111","data":null,"msg":"用户名或密码错误"}-(request_method.py:27)
2020-06-16 23:21:49,777-INFO-LoginTest-日志信息：case.expected:{"status":0,"code":"20111","data":null,"msg":"用户名或密码错误"}-(test_login.py:35)
2020-06-16 23:21:49,837-INFO-LoginTest-日志信息：第7条用例测试结果：PASS-(test_login.py:39)
2020-06-16 23:21:49,838-INFO-request-日志信息：method:GET,url:http://test.lemonban.com/futureloan/mvc/api/member/login-(request_method.py:22)
2020-06-16 23:21:49,839-INFO-request-日志信息：data:{'mobilephone': '13522450475', 'pwd': '@#$%@#'}-(request_method.py:23)
2020-06-16 23:21:50,080-INFO-request-日志信息：response:{"status":0,"code":"20111","data":null,"msg":"用户名或密码错误"}-(request_method.py:27)
2020-06-16 23:21:50,080-INFO-LoginTest-日志信息：case.expected:{"status":0,"code":"20111","data":null,"msg":"用户名或密码错误"}-(test_login.py:35)
2020-06-16 23:21:50,143-INFO-LoginTest-日志信息：第8条用例测试结果：PASS-(test_login.py:39)
2020-06-17 23:02:24,800-INFO-invest-日志信息：this is a invest log info-(mylog.py:49)
2020-06-17 23:02:24,862-INFO-request-日志信息：method:POST,url:http://test.lemonban.com/futureloan/mvc/api/member/login-(request_method.py:22)
2020-06-17 23:02:24,863-INFO-request-日志信息：data:{'mobilephone': '13522450475', 'pwd': '123456'}-(request_method.py:23)
2020-06-17 23:02:25,140-INFO-request-日志信息：response:{"status":1,"code":"10001","data":null,"msg":"登录成功"}-(request_method.py:32)
2020-06-17 23:02:25,141-INFO-LoginTest-日志信息：case.expected:{"status":1,"code":"10001","data":null,"msg":"登录成功"}-(test_login.py:35)
2020-06-17 23:02:25,215-INFO-LoginTest-日志信息：第1条用例测试结果：PASS-(test_login.py:39)
2020-06-17 23:02:25,216-INFO-request-日志信息：method:POST,url:http://test.lemonban.com/futureloan/mvc/api/member/login-(request_method.py:22)
2020-06-17 23:02:25,216-INFO-request-日志信息：data:{'mobilephone': ' ', 'pwd': '1234567'}-(request_method.py:23)
2020-06-17 23:02:25,263-INFO-request-日志信息：response:{"status":0,"code":"20103","data":null,"msg":"手机号不能为空"}-(request_method.py:32)
2020-06-17 23:02:25,263-INFO-LoginTest-日志信息：case.expected:{"status":0,"code":"20103","data":null,"msg":"手机号不能为空"}-(test_login.py:35)
2020-06-17 23:02:25,325-INFO-LoginTest-日志信息：第2条用例测试结果：PASS-(test_login.py:39)
2020-06-17 23:02:25,325-INFO-request-日志信息：method:POST,url:http://test.lemonban.com/futureloan/mvc/api/member/login-(request_method.py:22)
2020-06-17 23:02:25,325-INFO-request-日志信息：data:{'mobilephone': '13512345678', 'pwd': '1234568'}-(request_method.py:23)
2020-06-17 23:02:25,552-INFO-request-日志信息：response:{"status":0,"code":"20111","data":null,"msg":"用户名或密码错误"}-(request_method.py:32)
2020-06-17 23:02:25,553-INFO-LoginTest-日志信息：case.expected:{"status":0,"code":"20111","data":null,"msg":"用户名或密码错误"}-(test_login.py:35)
2020-06-17 23:02:25,617-INFO-LoginTest-日志信息：第3条用例测试结果：PASS-(test_login.py:39)
2020-06-17 23:02:25,618-INFO-request-日志信息：method:GET,url:http://test.lemonban.com/futureloan/mvc/api/member/login-(request_method.py:22)
2020-06-17 23:02:25,618-INFO-request-日志信息：data:{'mobilephone': '13512345678a', 'pwd': '1234569'}-(request_method.py:23)
2020-06-17 23:02:25,888-INFO-request-日志信息：response:{"status":0,"code":"20111","data":null,"msg":"用户名或密码错误"}-(request_method.py:27)
2020-06-17 23:02:25,888-INFO-LoginTest-日志信息：case.expected:{"status":0,"code":"20111","data":null,"msg":"用户名或密码错误"}-(test_login.py:35)
2020-06-17 23:02:25,949-INFO-LoginTest-日志信息：第4条用例测试结果：PASS-(test_login.py:39)
2020-06-17 23:02:25,950-INFO-request-日志信息：method:GET,url:http://test.lemonban.com/futureloan/mvc/api/member/login-(request_method.py:22)
2020-06-17 23:02:25,950-INFO-request-日志信息：data:{'mobilephone': '13512345678a', 'pwd': ' '}-(request_method.py:23)
2020-06-17 23:02:25,995-INFO-request-日志信息：response:{"status":0,"code":"20103","data":null,"msg":"密码不能为空"}-(request_method.py:27)
2020-06-17 23:02:25,995-INFO-LoginTest-日志信息：case.expected:{"status":0,"code":"20103","data":null,"msg":"密码不能为空"}-(test_login.py:35)
2020-06-17 23:02:26,056-INFO-LoginTest-日志信息：第5条用例测试结果：PASS-(test_login.py:39)
2020-06-17 23:02:26,057-INFO-request-日志信息：method:GET,url:http://test.lemonban.com/futureloan/mvc/api/member/login-(request_method.py:22)
2020-06-17 23:02:26,057-INFO-request-日志信息：data:{'mobilephone': '13522450475', 'pwd': '1234567'}-(request_method.py:23)
2020-06-17 23:02:26,269-INFO-request-日志信息：response:{"status":0,"code":"20111","data":null,"msg":"用户名或密码错误"}-(request_method.py:27)
2020-06-17 23:02:26,269-INFO-LoginTest-日志信息：case.expected:{"status":0,"code":"20111","data":null,"msg":"用户名或密码错误"}-(test_login.py:35)
2020-06-17 23:02:26,332-INFO-LoginTest-日志信息：第6条用例测试结果：PASS-(test_login.py:39)
2020-06-17 23:02:26,333-INFO-request-日志信息：method:GET,url:http://test.lemonban.com/futureloan/mvc/api/member/login-(request_method.py:22)
2020-06-17 23:02:26,333-INFO-request-日志信息：data:{'mobilephone': '13522450475', 'pwd': '1234567A'}-(request_method.py:23)
2020-06-17 23:02:26,573-INFO-request-日志信息：response:{"status":0,"code":"20111","data":null,"msg":"用户名或密码错误"}-(request_method.py:27)
2020-06-17 23:02:26,573-INFO-LoginTest-日志信息：case.expected:{"status":0,"code":"20111","data":null,"msg":"用户名或密码错误"}-(test_login.py:35)
2020-06-17 23:02:26,638-INFO-LoginTest-日志信息：第7条用例测试结果：PASS-(test_login.py:39)
2020-06-17 23:02:26,639-INFO-request-日志信息：method:GET,url:http://test.lemonban.com/futureloan/mvc/api/member/login-(request_method.py:22)
2020-06-17 23:02:26,639-INFO-request-日志信息：data:{'mobilephone': '13522450475', 'pwd': '@#$%@#'}-(request_method.py:23)
2020-06-17 23:02:26,866-INFO-request-日志信息：response:{"status":0,"code":"20111","data":null,"msg":"用户名或密码错误"}-(request_method.py:27)
2020-06-17 23:02:26,867-INFO-LoginTest-日志信息：case.expected:{"status":0,"code":"20111","data":null,"msg":"用户名或密码错误"}-(test_login.py:35)
2020-06-17 23:02:26,932-INFO-LoginTest-日志信息：第8条用例测试结果：PASS-(test_login.py:39)
2020-06-17 23:04:25,460-INFO-invest-日志信息：this is a invest log info-(mylog.py:49)
2020-06-17 23:04:25,577-INFO-request-日志信息：method:GET,url:http://test.lemonban.com/futureloan/mvc/api/member/login-(request_method.py:22)
2020-06-17 23:04:25,577-INFO-request-日志信息：data:{'mobilephone': '13522450475', 'pwd': '123456'}-(request_method.py:23)
2020-06-17 23:04:26,093-INFO-request-日志信息：response:{"status":1,"code":"10001","data":null,"msg":"登录成功"}-(request_method.py:27)
2020-06-17 23:04:26,093-INFO-case-日志信息：case.expected:10001-(test_recharge.py:46)
2020-06-17 23:04:26,157-INFO-case-日志信息：这是第1条用例测试结果：PASS-(test_recharge.py:50)
2020-06-17 23:04:26,159-INFO-request-日志信息：method:POST,url:http://test.lemonban.com/futureloan/mvc/api/member/recharge-(request_method.py:22)
2020-06-17 23:04:26,159-INFO-request-日志信息：data:{'mobilephone': '13522450475', 'amount': '50000'}-(request_method.py:23)
2020-06-17 23:04:26,828-INFO-request-日志信息：response:{"status":1,"code":"10001","data":{"id":184797,"regname":"nicole","pwd":"E10ADC3949BA59ABBE56E057F20F883E","mobilephone":"13522450475","leaveamount":"1410600.00","type":"1","regtime":"2019-11-28 16:03:00.0"},"msg":"充值成功"}-(request_method.py:32)
2020-06-17 23:04:26,828-INFO-case-日志信息：case.expected:10001-(test_recharge.py:46)
2020-06-17 23:04:26,891-INFO-case-日志信息：这是第2条用例测试结果：PASS-(test_recharge.py:50)
2020-06-17 23:04:26,893-INFO-request-日志信息：method:POST,url:http://test.lemonban.com/futureloan/mvc/api/member/recharge-(request_method.py:22)
2020-06-17 23:04:26,893-INFO-request-日志信息：data:{'mobilephone': '', 'amount': '50.55'}-(request_method.py:23)
2020-06-17 23:04:26,939-INFO-request-日志信息：response:{"status":0,"code":"20103","data":null,"msg":"手机号不能为空"}-(request_method.py:32)
2020-06-17 23:04:26,939-INFO-case-日志信息：case.expected:20103-(test_recharge.py:46)
2020-06-17 23:04:27,000-INFO-case-日志信息：这是第3条用例测试结果：PASS-(test_recharge.py:50)
2020-06-17 23:04:27,002-INFO-request-日志信息：method:POST,url:http://test.lemonban.com/futureloan/mvc/api/member/recharge-(request_method.py:22)
2020-06-17 23:04:27,002-INFO-request-日志信息：data:{'mobilephone': '13522450475a', 'amount': '5000.1'}-(request_method.py:23)
2020-06-17 23:04:27,138-INFO-request-日志信息：response:{"status":0,"code":"20109","data":null,"msg":"手机号码格式不正确"}-(request_method.py:32)
2020-06-17 23:04:27,138-INFO-case-日志信息：case.expected:20109-(test_recharge.py:46)
2020-06-17 23:04:27,203-INFO-case-日志信息：这是第4条用例测试结果：PASS-(test_recharge.py:50)
2020-06-17 23:04:27,204-INFO-request-日志信息：method:POST,url:http://test.lemonban.com/futureloan/mvc/api/member/recharge-(request_method.py:22)
2020-06-17 23:04:27,205-INFO-request-日志信息：data:{'mobilephone': '13132768090', 'amount': '5000'}-(request_method.py:23)
2020-06-17 23:04:27,414-INFO-request-日志信息：response:{"status":0,"code":"20104","data":null,"msg":"此手机号对应的会员不存在"}-(request_method.py:32)
2020-06-17 23:04:27,415-INFO-case-日志信息：case.expected:20104-(test_recharge.py:46)
2020-06-17 23:04:27,475-INFO-case-日志信息：这是第5条用例测试结果：PASS-(test_recharge.py:50)
2020-06-17 23:04:27,477-INFO-request-日志信息：method:GET,url:http://test.lemonban.com/futureloan/mvc/api/member/recharge-(request_method.py:22)
2020-06-17 23:04:27,478-INFO-request-日志信息：data:{'mobilephone': '13522450475', 'amount': ''}-(request_method.py:23)
2020-06-17 23:04:27,530-INFO-request-日志信息：response:{"status":0,"code":"20115","data":null,"msg":"请输入金额"}-(request_method.py:27)
2020-06-17 23:04:27,530-INFO-case-日志信息：case.expected:20115-(test_recharge.py:46)
2020-06-17 23:04:27,591-INFO-case-日志信息：这是第6条用例测试结果：PASS-(test_recharge.py:50)
2020-06-17 23:04:27,593-INFO-request-日志信息：method:GET,url:http://test.lemonban.com/futureloan/mvc/api/member/recharge-(request_method.py:22)
2020-06-17 23:04:27,593-INFO-request-日志信息：data:{'mobilephone': '13522450475', 'amount': '500005.555'}-(request_method.py:23)
2020-06-17 23:04:27,651-INFO-request-日志信息：response:{"status":0,"code":"20116","data":null,"msg":"输入金额的金额小数不能超过两位"}-(request_method.py:27)
2020-06-17 23:04:27,651-INFO-case-日志信息：case.expected:20116-(test_recharge.py:46)
2020-06-17 23:04:27,730-INFO-case-日志信息：这是第7条用例测试结果：PASS-(test_recharge.py:50)
2020-06-17 23:04:27,733-INFO-request-日志信息：method:GET,url:http://test.lemonban.com/futureloan/mvc/api/member/recharge-(request_method.py:22)
2020-06-17 23:04:27,733-INFO-request-日志信息：data:{'mobilephone': '13522450475', 'amount': '-50'}-(request_method.py:23)
2020-06-17 23:04:27,776-INFO-request-日志信息：response:{"status":0,"code":"20117","data":null,"msg":"请输入范围在0到50万之间的正数金额"}-(request_method.py:27)
2020-06-17 23:04:27,777-INFO-case-日志信息：case.expected:20117-(test_recharge.py:46)
2020-06-17 23:04:27,853-INFO-case-日志信息：这是第8条用例测试结果：PASS-(test_recharge.py:50)
2020-06-17 23:04:27,855-INFO-request-日志信息：method:GET,url:http://test.lemonban.com/futureloan/mvc/api/member/recharge-(request_method.py:22)
2020-06-17 23:04:27,855-INFO-request-日志信息：data:{'mobilephone': '13522450475', 'amount': '5000000.1'}-(request_method.py:23)
2020-06-17 23:04:27,904-INFO-request-日志信息：response:{"status":0,"code":"20117","data":null,"msg":"请输入范围在0到50万之间的正数金额"}-(request_method.py:27)
2020-06-17 23:04:27,905-INFO-case-日志信息：case.expected:20117-(test_recharge.py:46)
2020-06-17 23:04:27,989-INFO-case-日志信息：这是第9条用例测试结果：PASS-(test_recharge.py:50)
2020-06-17 23:04:27,991-INFO-request-日志信息：method:GET,url:http://test.lemonban.com/futureloan/mvc/api/member/recharge-(request_method.py:22)
2020-06-17 23:04:27,991-INFO-request-日志信息：data:{'mobilephone': '13522450475', 'amount': '50000*'}-(request_method.py:23)
2020-06-17 23:04:28,034-INFO-request-日志信息：response:{"status":0,"code":"20118","data":null,"msg":"请输入数字"}-(request_method.py:27)
2020-06-17 23:04:28,035-INFO-case-日志信息：case.expected:20118-(test_recharge.py:46)
2020-06-17 23:04:28,122-INFO-case-日志信息：这是第10条用例测试结果：PASS-(test_recharge.py:50)
2020-06-17 23:06:51,927-INFO-invest-日志信息：this is a invest log info-(mylog.py:49)
2020-06-17 23:07:11,193-INFO-invest-日志信息：this is a invest log info-(mylog.py:49)
2020-06-17 23:18:25,901-INFO-invest-日志信息：this is a invest log info-(mylog.py:49)
2020-06-17 23:20:11,903-INFO-invest-日志信息：this is a invest log info-(mylog.py:49)
2020-06-17 23:30:48,303-INFO-invest-日志信息：this is a invest log info-(mylog.py:49)
2020-06-17 23:30:52,751-INFO-request-日志信息：method:GET,url:http://test.lemonban.com/futureloan/mvc/api/member/login-(request_method.py:22)
2020-06-17 23:30:52,751-INFO-request-日志信息：data:{'mobilephone': '13522450475', 'pwd': '123456'}-(request_method.py:23)
2020-06-17 23:30:53,051-INFO-request-日志信息：response:{"status":1,"code":"10001","data":null,"msg":"登录成功"}-(request_method.py:27)
2020-06-17 23:30:53,132-INFO-request-日志信息：method:GET,url:http://test.lemonban.com/futureloan/mvc/api/loan/add-(request_method.py:22)
2020-06-17 23:30:53,133-INFO-request-日志信息：data:{'memberId': '58300', 'title': '试试人品行不行，借个2W玩玩', 'amount': 20000, 'loanRate': '12.0', 'loanTerm': 3, 'loanDateType': 0, 'repaymemtWay': 11, 'biddingDays': 5}-(request_method.py:23)
2020-06-17 23:30:53,206-INFO-request-日志信息：response:{"status":1,"code":"10001","data":null,"msg":"加标成功"}-(request_method.py:27)
2020-06-17 23:30:53,409-INFO-request-日志信息：method:POST,url:http://test.lemonban.com/futureloan/mvc/api/loan/audit-(request_method.py:22)
2020-06-17 23:30:53,410-INFO-request-日志信息：data:{'id': '182837', 'status': 4}-(request_method.py:23)
2020-06-17 23:30:53,472-INFO-request-日志信息：response:{"status":1,"code":"10001","data":null,"msg":"更新状态成功：竞标开始，当前标为竞标中状态"}-(request_method.py:32)
2020-06-17 23:30:53,546-INFO-request-日志信息：method:GET,url:http://test.lemonban.com/futureloan/mvc/api/member/login-(request_method.py:22)
2020-06-17 23:30:53,546-INFO-request-日志信息：data:{'mobilephone': '15810447656', 'pwd': '123456'}-(request_method.py:23)
2020-06-17 23:30:53,760-INFO-request-日志信息：response:{"status":1,"code":"10001","data":null,"msg":"登录成功"}-(request_method.py:27)
2020-06-17 23:30:53,835-INFO-request-日志信息：method:POST,url:http://test.lemonban.com/futureloan/mvc/api/member/bidLoan-(request_method.py:22)
2020-06-17 23:30:53,836-INFO-request-日志信息：data:{'memberId': '93831', 'password': '123456', 'loanId': '182837', 'amount': '100'}-(request_method.py:23)
2020-06-17 23:30:53,919-INFO-request-日志信息：response:{"status":1,"code":"10001","data":null,"msg":"竞标成功"}-(request_method.py:32)
2020-06-17 23:30:53,993-INFO-request-日志信息：method:POST,url:http://test.lemonban.com/futureloan/mvc/api/member/bidLoan-(request_method.py:22)
2020-06-17 23:30:53,993-INFO-request-日志信息：data:{'memberId': '93831', 'password': '123456', 'loanId': '182837', 'amount': ''}-(request_method.py:23)
2020-06-17 23:30:54,068-INFO-request-日志信息：response:{"status":0,"code":"11003","data":null,"msg":"参数错误:所有参数都不能为空"}-(request_method.py:32)
2020-06-17 23:30:54,139-INFO-request-日志信息：method:POST,url:http://test.lemonban.com/futureloan/mvc/api/member/bidLoan-(request_method.py:22)
2020-06-17 23:30:54,139-INFO-request-日志信息：data:{'memberId': '93831', 'password': '123456', 'loanId': '182837', 'amount': '-100'}-(request_method.py:23)
2020-06-17 23:30:54,188-INFO-request-日志信息：response:{"status":0,"code":"11007","data":null,"msg":"参数错误，投资金额必须是能被100整除的正整数"}-(request_method.py:32)
2020-06-17 23:32:06,461-INFO-invest-日志信息：this is a invest log info-(mylog.py:49)
2020-06-17 23:32:37,108-INFO-invest-日志信息：this is a invest log info-(mylog.py:49)
2020-06-17 23:48:04,646-INFO-invest-日志信息：this is a invest log info-(mylog.py:49)
2020-06-17 23:48:06,664-INFO-request-日志信息：method:POST,url:http://test.lemonban.com/futureloan/mvc/api/member/register-(request_method.py:22)
2020-06-17 23:48:06,665-INFO-request-日志信息：data:{'mobilephone': 18999999680, 'pwd': '123456', 'regname': 'wanghua'}-(request_method.py:23)
2020-06-17 23:48:06,966-INFO-request-日志信息：response:{"status":0,"code":"20110","data":null,"msg":"手机号码已被注册"}-(request_method.py:32)
2020-06-17 23:48:07,049-INFO-request-日志信息：method:POST,url:http://test.lemonban.com/futureloan/mvc/api/member/register-(request_method.py:22)
2020-06-17 23:48:07,049-INFO-request-日志信息：data:{'mobilephone': '13822450490', 'pwd': '124abcefg', 'regname': ''}-(request_method.py:23)
2020-06-17 23:48:07,278-INFO-request-日志信息：response:{"status":0,"code":"20110","data":null,"msg":"手机号码已被注册"}-(request_method.py:32)
2020-06-17 23:48:07,372-INFO-request-日志信息：method:POST,url:http://test.lemonban.com/futureloan/mvc/api/member/register-(request_method.py:22)
2020-06-17 23:48:07,372-INFO-request-日志信息：data:{'mobilephone': '13822450405', 'pwd': '@#$%@#', 'regname': 'wanghua'}-(request_method.py:23)
2020-06-17 23:48:07,585-INFO-request-日志信息：response:{"status":0,"code":"20110","data":null,"msg":"手机号码已被注册"}-(request_method.py:32)
2020-06-17 23:48:07,665-INFO-request-日志信息：method:POST,url:http://test.lemonban.com/futureloan/mvc/api/member/register-(request_method.py:22)
2020-06-17 23:48:07,666-INFO-request-日志信息：data:{'mobilephone': '13822450413', 'pwd': 'abcabcdefgabcdefef', 'regname': 'wanghua'}-(request_method.py:23)
2020-06-17 23:48:07,876-INFO-request-日志信息：response:{"status":0,"code":"20110","data":null,"msg":"手机号码已被注册"}-(request_method.py:32)
2020-06-17 23:48:07,972-INFO-request-日志信息：method:POST,url:http://test.lemonban.com/futureloan/mvc/api/member/register-(request_method.py:22)
2020-06-17 23:48:07,973-INFO-request-日志信息：data:{'mobilephone': '13822450421', 'pwd': '123abc#$@', 'regname': 'wanghua'}-(request_method.py:23)
2020-06-17 23:48:08,182-INFO-request-日志信息：response:{"status":0,"code":"20110","data":null,"msg":"手机号码已被注册"}-(request_method.py:32)
2020-06-17 23:48:08,271-INFO-request-日志信息：method:POST,url:http://test.lemonban.com/futureloan/mvc/api/member/register-(request_method.py:22)
2020-06-17 23:48:08,271-INFO-request-日志信息：data:{'mobilephone': '13522450470', 'pwd': ' ', 'regname': 'wanghua'}-(request_method.py:23)
2020-06-17 23:48:08,315-INFO-request-日志信息：response:{"status":0,"code":"20108","data":null,"msg":"密码长度必须为6~18"}-(request_method.py:32)
2020-06-17 23:48:08,400-INFO-request-日志信息：method:POST,url:http://test.lemonban.com/futureloan/mvc/api/member/register-(request_method.py:22)
2020-06-17 23:48:08,400-INFO-request-日志信息：data:{'mobilephone': '13522450470', 'pwd': '123', 'regname': 'wanghua'}-(request_method.py:23)
2020-06-17 23:48:08,444-INFO-request-日志信息：response:{"status":0,"code":"20108","data":null,"msg":"密码长度必须为6~18"}-(request_method.py:32)
2020-06-17 23:48:08,548-INFO-request-日志信息：method:GET,url:http://test.lemonban.com/futureloan/mvc/api/member/register-(request_method.py:22)
2020-06-17 23:48:08,549-INFO-request-日志信息：data:{'mobilephone': '12312345678', 'pwd': '1234567', 'regname': 'wanghua'}-(request_method.py:23)
2020-06-17 23:48:08,607-INFO-request-日志信息：response:{"status":0,"code":"20109","data":null,"msg":"手机号码格式不正确"}-(request_method.py:27)
2020-06-17 23:48:08,716-INFO-request-日志信息：method:GET,url:http://test.lemonban.com/futureloan/mvc/api/member/register-(request_method.py:22)
2020-06-17 23:48:08,716-INFO-request-日志信息：data:{'mobilephone': '1352245047', 'pwd': '1234567', 'regname': 'wanghua'}-(request_method.py:23)
2020-06-17 23:48:08,783-INFO-request-日志信息：response:{"status":0,"code":"20109","data":null,"msg":"手机号码格式不正确"}-(request_method.py:27)
2020-06-17 23:48:08,893-INFO-request-日志信息：method:GET,url:http://test.lemonban.com/futureloan/mvc/api/member/register-(request_method.py:22)
2020-06-17 23:48:08,893-INFO-request-日志信息：data:{'mobilephone': '1352245047a', 'pwd': '1234567', 'regname': 'wanghua'}-(request_method.py:23)
2020-06-17 23:48:08,945-INFO-request-日志信息：response:{"status":0,"code":"20109","data":null,"msg":"手机号码格式不正确"}-(request_method.py:27)
2020-06-17 23:48:09,033-INFO-request-日志信息：method:GET,url:http://test.lemonban.com/futureloan/mvc/api/member/register-(request_method.py:22)
2020-06-17 23:48:09,034-INFO-request-日志信息：data:{'mobilephone': ' ', 'pwd': '1234567', 'regname': 'wanghua'}-(request_method.py:23)
2020-06-17 23:48:09,086-INFO-request-日志信息：response:{"status":0,"code":"20109","data":null,"msg":"手机号码格式不正确"}-(request_method.py:27)
2020-06-17 23:48:09,197-INFO-request-日志信息：method:GET,url:http://test.lemonban.com/futureloan/mvc/api/member/register-(request_method.py:22)
2020-06-17 23:48:09,198-INFO-request-日志信息：data:{'mobilephone': '13522450475', 'pwd': '1234567', 'regname': 'wanghua'}-(request_method.py:23)
2020-06-17 23:48:09,428-INFO-request-日志信息：response:{"status":0,"code":"20110","data":null,"msg":"手机号码已被注册"}-(request_method.py:27)
2020-06-17 23:48:09,745-INFO-request-日志信息：method:GET,url:http://test.lemonban.com/futureloan/mvc/api/member/login-(request_method.py:22)
2020-06-17 23:48:09,745-INFO-request-日志信息：data:{'mobilephone': '13522450475', 'pwd': '123456'}-(request_method.py:23)
2020-06-17 23:48:10,032-INFO-request-日志信息：response:{"status":1,"code":"10001","data":null,"msg":"登录成功"}-(request_method.py:27)
2020-06-17 23:48:10,116-INFO-request-日志信息：method:GET,url:http://test.lemonban.com/futureloan/mvc/api/loan/add-(request_method.py:22)
2020-06-17 23:48:10,116-INFO-request-日志信息：data:{'memberId': '58300', 'title': '试试人品行不行，借个2W玩玩', 'amount': 20000, 'loanRate': '12.0', 'loanTerm': 3, 'loanDateType': 0, 'repaymemtWay': 11, 'biddingDays': 5}-(request_method.py:23)
2020-06-17 23:48:10,190-INFO-request-日志信息：response:{"status":1,"code":"10001","data":null,"msg":"加标成功"}-(request_method.py:27)
2020-06-17 23:48:10,457-INFO-request-日志信息：method:POST,url:http://test.lemonban.com/futureloan/mvc/api/loan/audit-(request_method.py:22)
2020-06-17 23:48:10,458-INFO-request-日志信息：data:{'id': '182838', 'status': 4}-(request_method.py:23)
2020-06-17 23:48:10,532-INFO-request-日志信息：response:{"status":1,"code":"10001","data":null,"msg":"更新状态成功：竞标开始，当前标为竞标中状态"}-(request_method.py:32)
2020-06-17 23:48:10,614-INFO-request-日志信息：method:GET,url:http://test.lemonban.com/futureloan/mvc/api/member/login-(request_method.py:22)
2020-06-17 23:48:10,615-INFO-request-日志信息：data:{'mobilephone': '15810447656', 'pwd': '123456'}-(request_method.py:23)
2020-06-17 23:48:10,823-INFO-request-日志信息：response:{"status":1,"code":"10001","data":null,"msg":"登录成功"}-(request_method.py:27)
2020-06-17 23:48:10,906-INFO-request-日志信息：method:POST,url:http://test.lemonban.com/futureloan/mvc/api/member/bidLoan-(request_method.py:22)
2020-06-17 23:48:10,906-INFO-request-日志信息：data:{'memberId': '93831', 'password': '123456', 'loanId': '182838', 'amount': '100'}-(request_method.py:23)
2020-06-17 23:48:11,001-INFO-request-日志信息：response:{"status":1,"code":"10001","data":null,"msg":"竞标成功"}-(request_method.py:32)
2020-06-17 23:48:11,100-INFO-request-日志信息：method:POST,url:http://test.lemonban.com/futureloan/mvc/api/member/bidLoan-(request_method.py:22)
2020-06-17 23:48:11,101-INFO-request-日志信息：data:{'memberId': '93831', 'password': '123456', 'loanId': '182838', 'amount': ''}-(request_method.py:23)
2020-06-17 23:48:11,150-INFO-request-日志信息：response:{"status":0,"code":"11003","data":null,"msg":"参数错误:所有参数都不能为空"}-(request_method.py:32)
2020-06-17 23:48:11,232-INFO-request-日志信息：method:POST,url:http://test.lemonban.com/futureloan/mvc/api/member/bidLoan-(request_method.py:22)
2020-06-17 23:48:11,233-INFO-request-日志信息：data:{'memberId': '93831', 'password': '123456', 'loanId': '182838', 'amount': '-100'}-(request_method.py:23)
2020-06-17 23:48:11,307-INFO-request-日志信息：response:{"status":0,"code":"11007","data":null,"msg":"参数错误，投资金额必须是能被100整除的正整数"}-(request_method.py:32)
2020-06-17 23:48:11,431-INFO-request-日志信息：method:POST,url:http://test.lemonban.com/futureloan/mvc/api/member/login-(request_method.py:22)
2020-06-17 23:48:11,431-INFO-request-日志信息：data:{'mobilephone': '13522450475', 'pwd': '123456'}-(request_method.py:23)
2020-06-17 23:48:11,697-INFO-request-日志信息：response:{"status":1,"code":"10001","data":null,"msg":"登录成功"}-(request_method.py:32)
2020-06-17 23:48:11,697-INFO-LoginTest-日志信息：case.expected:{"status":1,"code":"10001","data":null,"msg":"登录成功"}-(test_login.py:35)
2020-06-17 23:48:11,697-INFO-LoginTest-日志信息：case.expected:{"status":1,"code":"10001","data":null,"msg":"登录成功"}-(test_login.py:35)
2020-06-17 23:48:11,778-INFO-LoginTest-日志信息：第1条用例测试结果：PASS-(test_login.py:39)
2020-06-17 23:48:11,778-INFO-LoginTest-日志信息：第1条用例测试结果：PASS-(test_login.py:39)
2020-06-17 23:48:11,779-INFO-request-日志信息：method:POST,url:http://test.lemonban.com/futureloan/mvc/api/member/login-(request_method.py:22)
2020-06-17 23:48:11,779-INFO-request-日志信息：data:{'mobilephone': ' ', 'pwd': '1234567'}-(request_method.py:23)
2020-06-17 23:48:11,847-INFO-request-日志信息：response:{"status":0,"code":"20103","data":null,"msg":"手机号不能为空"}-(request_method.py:32)
2020-06-17 23:48:11,847-INFO-LoginTest-日志信息：case.expected:{"status":0,"code":"20103","data":null,"msg":"手机号不能为空"}-(test_login.py:35)
2020-06-17 23:48:11,847-INFO-LoginTest-日志信息：case.expected:{"status":0,"code":"20103","data":null,"msg":"手机号不能为空"}-(test_login.py:35)
2020-06-17 23:48:11,934-INFO-LoginTest-日志信息：第2条用例测试结果：PASS-(test_login.py:39)
2020-06-17 23:48:11,934-INFO-LoginTest-日志信息：第2条用例测试结果：PASS-(test_login.py:39)
2020-06-17 23:48:11,935-INFO-request-日志信息：method:POST,url:http://test.lemonban.com/futureloan/mvc/api/member/login-(request_method.py:22)
2020-06-17 23:48:11,936-INFO-request-日志信息：data:{'mobilephone': '13512345678', 'pwd': '1234568'}-(request_method.py:23)
2020-06-17 23:48:12,162-INFO-request-日志信息：response:{"status":0,"code":"20111","data":null,"msg":"用户名或密码错误"}-(request_method.py:32)
2020-06-17 23:48:12,162-INFO-LoginTest-日志信息：case.expected:{"status":0,"code":"20111","data":null,"msg":"用户名或密码错误"}-(test_login.py:35)
2020-06-17 23:48:12,162-INFO-LoginTest-日志信息：case.expected:{"status":0,"code":"20111","data":null,"msg":"用户名或密码错误"}-(test_login.py:35)
2020-06-17 23:48:12,262-INFO-LoginTest-日志信息：第3条用例测试结果：PASS-(test_login.py:39)
2020-06-17 23:48:12,262-INFO-LoginTest-日志信息：第3条用例测试结果：PASS-(test_login.py:39)
2020-06-17 23:48:12,263-INFO-request-日志信息：method:GET,url:http://test.lemonban.com/futureloan/mvc/api/member/login-(request_method.py:22)
2020-06-17 23:48:12,263-INFO-request-日志信息：data:{'mobilephone': '13512345678a', 'pwd': '1234569'}-(request_method.py:23)
2020-06-17 23:48:12,491-INFO-request-日志信息：response:{"status":0,"code":"20111","data":null,"msg":"用户名或密码错误"}-(request_method.py:27)
2020-06-17 23:48:12,492-INFO-LoginTest-日志信息：case.expected:{"status":0,"code":"20111","data":null,"msg":"用户名或密码错误"}-(test_login.py:35)
2020-06-17 23:48:12,492-INFO-LoginTest-日志信息：case.expected:{"status":0,"code":"20111","data":null,"msg":"用户名或密码错误"}-(test_login.py:35)
2020-06-17 23:48:12,580-INFO-LoginTest-日志信息：第4条用例测试结果：PASS-(test_login.py:39)
2020-06-17 23:48:12,580-INFO-LoginTest-日志信息：第4条用例测试结果：PASS-(test_login.py:39)
2020-06-17 23:48:12,581-INFO-request-日志信息：method:GET,url:http://test.lemonban.com/futureloan/mvc/api/member/login-(request_method.py:22)
2020-06-17 23:48:12,582-INFO-request-日志信息：data:{'mobilephone': '13512345678a', 'pwd': ' '}-(request_method.py:23)
2020-06-17 23:48:12,628-INFO-request-日志信息：response:{"status":0,"code":"20103","data":null,"msg":"密码不能为空"}-(request_method.py:27)
2020-06-17 23:48:12,628-INFO-LoginTest-日志信息：case.expected:{"status":0,"code":"20103","data":null,"msg":"密码不能为空"}-(test_login.py:35)
2020-06-17 23:48:12,628-INFO-LoginTest-日志信息：case.expected:{"status":0,"code":"20103","data":null,"msg":"密码不能为空"}-(test_login.py:35)
2020-06-17 23:48:12,712-INFO-LoginTest-日志信息：第5条用例测试结果：PASS-(test_login.py:39)
2020-06-17 23:48:12,712-INFO-LoginTest-日志信息：第5条用例测试结果：PASS-(test_login.py:39)
2020-06-17 23:48:12,713-INFO-request-日志信息：method:GET,url:http://test.lemonban.com/futureloan/mvc/api/member/login-(request_method.py:22)
2020-06-17 23:48:12,714-INFO-request-日志信息：data:{'mobilephone': '13522450475', 'pwd': '1234567'}-(request_method.py:23)
2020-06-17 23:48:12,929-INFO-request-日志信息：response:{"status":0,"code":"20111","data":null,"msg":"用户名或密码错误"}-(request_method.py:27)
2020-06-17 23:48:12,930-INFO-LoginTest-日志信息：case.expected:{"status":0,"code":"20111","data":null,"msg":"用户名或密码错误"}-(test_login.py:35)
2020-06-17 23:48:12,930-INFO-LoginTest-日志信息：case.expected:{"status":0,"code":"20111","data":null,"msg":"用户名或密码错误"}-(test_login.py:35)
2020-06-17 23:48:13,038-INFO-LoginTest-日志信息：第6条用例测试结果：PASS-(test_login.py:39)
2020-06-17 23:48:13,038-INFO-LoginTest-日志信息：第6条用例测试结果：PASS-(test_login.py:39)
2020-06-17 23:48:13,039-INFO-request-日志信息：method:GET,url:http://test.lemonban.com/futureloan/mvc/api/member/login-(request_method.py:22)
2020-06-17 23:48:13,039-INFO-request-日志信息：data:{'mobilephone': '13522450475', 'pwd': '1234567A'}-(request_method.py:23)
2020-06-17 23:48:13,281-INFO-request-日志信息：response:{"status":0,"code":"20111","data":null,"msg":"用户名或密码错误"}-(request_method.py:27)
2020-06-17 23:48:13,281-INFO-LoginTest-日志信息：case.expected:{"status":0,"code":"20111","data":null,"msg":"用户名或密码错误"}-(test_login.py:35)
2020-06-17 23:48:13,281-INFO-LoginTest-日志信息：case.expected:{"status":0,"code":"20111","data":null,"msg":"用户名或密码错误"}-(test_login.py:35)
2020-06-17 23:48:13,376-INFO-LoginTest-日志信息：第7条用例测试结果：PASS-(test_login.py:39)
2020-06-17 23:48:13,376-INFO-LoginTest-日志信息：第7条用例测试结果：PASS-(test_login.py:39)
2020-06-17 23:48:13,377-INFO-request-日志信息：method:GET,url:http://test.lemonban.com/futureloan/mvc/api/member/login-(request_method.py:22)
2020-06-17 23:48:13,377-INFO-request-日志信息：data:{'mobilephone': '13522450475', 'pwd': '@#$%@#'}-(request_method.py:23)
2020-06-17 23:48:13,592-INFO-request-日志信息：response:{"status":0,"code":"20111","data":null,"msg":"用户名或密码错误"}-(request_method.py:27)
2020-06-17 23:48:13,593-INFO-LoginTest-日志信息：case.expected:{"status":0,"code":"20111","data":null,"msg":"用户名或密码错误"}-(test_login.py:35)
2020-06-17 23:48:13,593-INFO-LoginTest-日志信息：case.expected:{"status":0,"code":"20111","data":null,"msg":"用户名或密码错误"}-(test_login.py:35)
2020-06-17 23:48:13,683-INFO-LoginTest-日志信息：第8条用例测试结果：PASS-(test_login.py:39)
2020-06-17 23:48:13,683-INFO-LoginTest-日志信息：第8条用例测试结果：PASS-(test_login.py:39)
2020-06-17 23:48:13,686-INFO-request-日志信息：method:GET,url:http://test.lemonban.com/futureloan/mvc/api/member/login-(request_method.py:22)
2020-06-17 23:48:13,687-INFO-request-日志信息：data:{'mobilephone': '13522450475', 'pwd': '123456'}-(request_method.py:23)
2020-06-17 23:48:13,940-INFO-request-日志信息：response:{"status":1,"code":"10001","data":null,"msg":"登录成功"}-(request_method.py:27)
2020-06-17 23:48:13,941-INFO-case-日志信息：case.expected:10001-(test_recharge.py:46)
2020-06-17 23:48:13,941-INFO-case-日志信息：case.expected:10001-(test_recharge.py:46)
2020-06-17 23:48:14,024-INFO-case-日志信息：这是第1条用例测试结果：PASS-(test_recharge.py:50)
2020-06-17 23:48:14,024-INFO-case-日志信息：这是第1条用例测试结果：PASS-(test_recharge.py:50)
2020-06-17 23:48:14,027-INFO-request-日志信息：method:POST,url:http://test.lemonban.com/futureloan/mvc/api/member/recharge-(request_method.py:22)
2020-06-17 23:48:14,027-INFO-request-日志信息：data:{'mobilephone': '13522450475', 'amount': '50000'}-(request_method.py:23)
2020-06-17 23:48:14,719-INFO-request-日志信息：response:{"status":1,"code":"10001","data":{"id":184797,"regname":"nicole","pwd":"E10ADC3949BA59ABBE56E057F20F883E","mobilephone":"13522450475","leaveamount":"1460600.00","type":"1","regtime":"2019-11-28 16:03:00.0"},"msg":"充值成功"}-(request_method.py:32)
2020-06-17 23:48:14,719-INFO-case-日志信息：case.expected:10001-(test_recharge.py:46)
2020-06-17 23:48:14,719-INFO-case-日志信息：case.expected:10001-(test_recharge.py:46)
2020-06-17 23:48:14,801-INFO-case-日志信息：这是第2条用例测试结果：PASS-(test_recharge.py:50)
2020-06-17 23:48:14,801-INFO-case-日志信息：这是第2条用例测试结果：PASS-(test_recharge.py:50)
2020-06-17 23:48:14,803-INFO-request-日志信息：method:POST,url:http://test.lemonban.com/futureloan/mvc/api/member/recharge-(request_method.py:22)
2020-06-17 23:48:14,804-INFO-request-日志信息：data:{'mobilephone': '', 'amount': '50.55'}-(request_method.py:23)
2020-06-17 23:48:14,850-INFO-request-日志信息：response:{"status":0,"code":"20103","data":null,"msg":"手机号不能为空"}-(request_method.py:32)
2020-06-17 23:48:14,851-INFO-case-日志信息：case.expected:20103-(test_recharge.py:46)
2020-06-17 23:48:14,851-INFO-case-日志信息：case.expected:20103-(test_recharge.py:46)
2020-06-17 23:48:14,936-INFO-case-日志信息：这是第3条用例测试结果：PASS-(test_recharge.py:50)
2020-06-17 23:48:14,936-INFO-case-日志信息：这是第3条用例测试结果：PASS-(test_recharge.py:50)
2020-06-17 23:48:14,939-INFO-request-日志信息：method:POST,url:http://test.lemonban.com/futureloan/mvc/api/member/recharge-(request_method.py:22)
2020-06-17 23:48:14,940-INFO-request-日志信息：data:{'mobilephone': '13522450475a', 'amount': '5000.1'}-(request_method.py:23)
2020-06-17 23:48:14,992-INFO-request-日志信息：response:{"status":0,"code":"20109","data":null,"msg":"手机号码格式不正确"}-(request_method.py:32)
2020-06-17 23:48:14,992-INFO-case-日志信息：case.expected:20109-(test_recharge.py:46)
2020-06-17 23:48:14,992-INFO-case-日志信息：case.expected:20109-(test_recharge.py:46)
2020-06-17 23:48:15,098-INFO-case-日志信息：这是第4条用例测试结果：PASS-(test_recharge.py:50)
2020-06-17 23:48:15,098-INFO-case-日志信息：这是第4条用例测试结果：PASS-(test_recharge.py:50)
2020-06-17 23:48:15,101-INFO-request-日志信息：method:POST,url:http://test.lemonban.com/futureloan/mvc/api/member/recharge-(request_method.py:22)
2020-06-17 23:48:15,101-INFO-request-日志信息：data:{'mobilephone': '13132768090', 'amount': '5000'}-(request_method.py:23)
2020-06-17 23:48:15,313-INFO-request-日志信息：response:{"status":0,"code":"20104","data":null,"msg":"此手机号对应的会员不存在"}-(request_method.py:32)
2020-06-17 23:48:15,313-INFO-case-日志信息：case.expected:20104-(test_recharge.py:46)
2020-06-17 23:48:15,313-INFO-case-日志信息：case.expected:20104-(test_recharge.py:46)
2020-06-17 23:48:15,404-INFO-case-日志信息：这是第5条用例测试结果：PASS-(test_recharge.py:50)
2020-06-17 23:48:15,404-INFO-case-日志信息：这是第5条用例测试结果：PASS-(test_recharge.py:50)
2020-06-17 23:48:15,406-INFO-request-日志信息：method:GET,url:http://test.lemonban.com/futureloan/mvc/api/member/recharge-(request_method.py:22)
2020-06-17 23:48:15,407-INFO-request-日志信息：data:{'mobilephone': '13522450475', 'amount': ''}-(request_method.py:23)
2020-06-17 23:48:15,453-INFO-request-日志信息：response:{"status":0,"code":"20115","data":null,"msg":"请输入金额"}-(request_method.py:27)
2020-06-17 23:48:15,453-INFO-case-日志信息：case.expected:20115-(test_recharge.py:46)
2020-06-17 23:48:15,453-INFO-case-日志信息：case.expected:20115-(test_recharge.py:46)
2020-06-17 23:48:15,545-INFO-case-日志信息：这是第6条用例测试结果：PASS-(test_recharge.py:50)
2020-06-17 23:48:15,545-INFO-case-日志信息：这是第6条用例测试结果：PASS-(test_recharge.py:50)
2020-06-17 23:48:15,547-INFO-request-日志信息：method:GET,url:http://test.lemonban.com/futureloan/mvc/api/member/recharge-(request_method.py:22)
2020-06-17 23:48:15,549-INFO-request-日志信息：data:{'mobilephone': '13522450475', 'amount': '500005.555'}-(request_method.py:23)
2020-06-17 23:48:15,628-INFO-request-日志信息：response:{"status":0,"code":"20116","data":null,"msg":"输入金额的金额小数不能超过两位"}-(request_method.py:27)
2020-06-17 23:48:15,628-INFO-case-日志信息：case.expected:20116-(test_recharge.py:46)
2020-06-17 23:48:15,628-INFO-case-日志信息：case.expected:20116-(test_recharge.py:46)
2020-06-17 23:48:15,722-INFO-case-日志信息：这是第7条用例测试结果：PASS-(test_recharge.py:50)
2020-06-17 23:48:15,722-INFO-case-日志信息：这是第7条用例测试结果：PASS-(test_recharge.py:50)
2020-06-17 23:48:15,725-INFO-request-日志信息：method:GET,url:http://test.lemonban.com/futureloan/mvc/api/member/recharge-(request_method.py:22)
2020-06-17 23:48:15,725-INFO-request-日志信息：data:{'mobilephone': '13522450475', 'amount': '-50'}-(request_method.py:23)
2020-06-17 23:48:15,771-INFO-request-日志信息：response:{"status":0,"code":"20117","data":null,"msg":"请输入范围在0到50万之间的正数金额"}-(request_method.py:27)
2020-06-17 23:48:15,772-INFO-case-日志信息：case.expected:20117-(test_recharge.py:46)
2020-06-17 23:48:15,772-INFO-case-日志信息：case.expected:20117-(test_recharge.py:46)
2020-06-17 23:48:15,896-INFO-case-日志信息：这是第8条用例测试结果：PASS-(test_recharge.py:50)
2020-06-17 23:48:15,896-INFO-case-日志信息：这是第8条用例测试结果：PASS-(test_recharge.py:50)
2020-06-17 23:48:15,902-INFO-request-日志信息：method:GET,url:http://test.lemonban.com/futureloan/mvc/api/member/recharge-(request_method.py:22)
2020-06-17 23:48:15,903-INFO-request-日志信息：data:{'mobilephone': '13522450475', 'amount': '5000000.1'}-(request_method.py:23)
2020-06-17 23:48:15,949-INFO-request-日志信息：response:{"status":0,"code":"20117","data":null,"msg":"请输入范围在0到50万之间的正数金额"}-(request_method.py:27)
2020-06-17 23:48:15,949-INFO-case-日志信息：case.expected:20117-(test_recharge.py:46)
2020-06-17 23:48:15,949-INFO-case-日志信息：case.expected:20117-(test_recharge.py:46)
2020-06-17 23:48:16,061-INFO-case-日志信息：这是第9条用例测试结果：PASS-(test_recharge.py:50)
2020-06-17 23:48:16,061-INFO-case-日志信息：这是第9条用例测试结果：PASS-(test_recharge.py:50)
2020-06-17 23:48:16,064-INFO-request-日志信息：method:GET,url:http://test.lemonban.com/futureloan/mvc/api/member/recharge-(request_method.py:22)
2020-06-17 23:48:16,064-INFO-request-日志信息：data:{'mobilephone': '13522450475', 'amount': '50000*'}-(request_method.py:23)
2020-06-17 23:48:16,118-INFO-request-日志信息：response:{"status":0,"code":"20118","data":null,"msg":"请输入数字"}-(request_method.py:27)
2020-06-17 23:48:16,119-INFO-case-日志信息：case.expected:20118-(test_recharge.py:46)
2020-06-17 23:48:16,119-INFO-case-日志信息：case.expected:20118-(test_recharge.py:46)
2020-06-17 23:48:16,206-INFO-case-日志信息：这是第10条用例测试结果：PASS-(test_recharge.py:50)
2020-06-17 23:48:16,206-INFO-case-日志信息：这是第10条用例测试结果：PASS-(test_recharge.py:50)
2020-06-18 23:01:16,409-INFO-invest-日志信息：this is a invest log info-(mylog.py:49)
2020-06-18 23:03:07,408-INFO-invest-日志信息：this is a invest log info-(mylog.py:49)
2020-06-18 23:04:38,164-INFO-invest-日志信息：this is a invest log info-(mylog.py:49)
2020-06-18 23:04:38,233-INFO-request-日志信息：method:POST,url:http://test.lemonban.com/futureloan/mvc/api/member/login-(request_method.py:22)
2020-06-18 23:04:38,234-INFO-request-日志信息：data:{'mobilephone': '13522450475', 'pwd': '123456'}-(request_method.py:23)
2020-06-18 23:04:38,721-INFO-request-日志信息：response:{"status":1,"code":"10001","data":null,"msg":"登录成功"}-(request_method.py:32)
2020-06-18 23:04:38,722-INFO-LoginTest-日志信息：case.expected:{"status":1,"code":"10001","data":null,"msg":"登录成功"}-(test_login.py:35)
2020-06-18 23:04:38,811-INFO-LoginTest-日志信息：第1条用例测试结果：PASS-(test_login.py:39)
2020-06-18 23:04:38,812-INFO-request-日志信息：method:POST,url:http://test.lemonban.com/futureloan/mvc/api/member/login-(request_method.py:22)
2020-06-18 23:04:38,813-INFO-request-日志信息：data:{'mobilephone': ' ', 'pwd': '1234567'}-(request_method.py:23)
2020-06-18 23:04:38,883-INFO-request-日志信息：response:{"status":0,"code":"20103","data":null,"msg":"手机号不能为空"}-(request_method.py:32)
2020-06-18 23:04:38,883-INFO-LoginTest-日志信息：case.expected:{"status":0,"code":"20103","data":null,"msg":"手机号不能为空"}-(test_login.py:35)
2020-06-18 23:04:38,959-INFO-LoginTest-日志信息：第2条用例测试结果：PASS-(test_login.py:39)
2020-06-18 23:04:38,960-INFO-request-日志信息：method:POST,url:http://test.lemonban.com/futureloan/mvc/api/member/login-(request_method.py:22)
2020-06-18 23:04:38,960-INFO-request-日志信息：data:{'mobilephone': '13512345678', 'pwd': '1234568'}-(request_method.py:23)
2020-06-18 23:04:39,218-INFO-request-日志信息：response:{"status":0,"code":"20111","data":null,"msg":"用户名或密码错误"}-(request_method.py:32)
2020-06-18 23:04:39,218-INFO-LoginTest-日志信息：case.expected:{"status":0,"code":"20111","data":null,"msg":"用户名或密码错误"}-(test_login.py:35)
2020-06-18 23:04:39,298-INFO-LoginTest-日志信息：第3条用例测试结果：PASS-(test_login.py:39)
2020-06-18 23:04:39,299-INFO-request-日志信息：method:GET,url:http://test.lemonban.com/futureloan/mvc/api/member/login-(request_method.py:22)
2020-06-18 23:04:39,300-INFO-request-日志信息：data:{'mobilephone': '13512345678a', 'pwd': '1234569'}-(request_method.py:23)
2020-06-18 23:04:39,513-INFO-request-日志信息：response:{"status":0,"code":"20111","data":null,"msg":"用户名或密码错误"}-(request_method.py:27)
2020-06-18 23:04:39,514-INFO-LoginTest-日志信息：case.expected:{"status":0,"code":"20111","data":null,"msg":"用户名或密码错误"}-(test_login.py:35)
2020-06-18 23:04:39,587-INFO-LoginTest-日志信息：第4条用例测试结果：PASS-(test_login.py:39)
2020-06-18 23:04:39,589-INFO-request-日志信息：method:GET,url:http://test.lemonban.com/futureloan/mvc/api/member/login-(request_method.py:22)
2020-06-18 23:04:39,589-INFO-request-日志信息：data:{'mobilephone': '13512345678a', 'pwd': ' '}-(request_method.py:23)
2020-06-18 23:04:39,634-INFO-request-日志信息：response:{"status":0,"code":"20103","data":null,"msg":"密码不能为空"}-(request_method.py:27)
2020-06-18 23:04:39,634-INFO-LoginTest-日志信息：case.expected:{"status":0,"code":"20103","data":null,"msg":"密码不能为空"}-(test_login.py:35)
2020-06-18 23:04:39,714-INFO-LoginTest-日志信息：第5条用例测试结果：PASS-(test_login.py:39)
2020-06-18 23:04:39,715-INFO-request-日志信息：method:GET,url:http://test.lemonban.com/futureloan/mvc/api/member/login-(request_method.py:22)
2020-06-18 23:04:39,715-INFO-request-日志信息：data:{'mobilephone': '13522450475', 'pwd': '1234567'}-(request_method.py:23)
2020-06-18 23:04:39,963-INFO-request-日志信息：response:{"status":0,"code":"20111","data":null,"msg":"用户名或密码错误"}-(request_method.py:27)
2020-06-18 23:04:39,963-INFO-LoginTest-日志信息：case.expected:{"status":0,"code":"20111","data":null,"msg":"用户名或密码错误"}-(test_login.py:35)
2020-06-18 23:04:40,029-INFO-LoginTest-日志信息：第6条用例测试结果：PASS-(test_login.py:39)
2020-06-18 23:04:40,030-INFO-request-日志信息：method:GET,url:http://test.lemonban.com/futureloan/mvc/api/member/login-(request_method.py:22)
2020-06-18 23:04:40,030-INFO-request-日志信息：data:{'mobilephone': '13522450475', 'pwd': '1234567A'}-(request_method.py:23)
2020-06-18 23:04:40,264-INFO-request-日志信息：response:{"status":0,"code":"20111","data":null,"msg":"用户名或密码错误"}-(request_method.py:27)
2020-06-18 23:04:40,265-INFO-LoginTest-日志信息：case.expected:{"status":0,"code":"20111","data":null,"msg":"用户名或密码错误"}-(test_login.py:35)
2020-06-18 23:04:40,327-INFO-LoginTest-日志信息：第7条用例测试结果：PASS-(test_login.py:39)
2020-06-18 23:04:40,329-INFO-request-日志信息：method:GET,url:http://test.lemonban.com/futureloan/mvc/api/member/login-(request_method.py:22)
2020-06-18 23:04:40,329-INFO-request-日志信息：data:{'mobilephone': '13522450475', 'pwd': '@#$%@#'}-(request_method.py:23)
2020-06-18 23:04:40,564-INFO-request-日志信息：response:{"status":0,"code":"20111","data":null,"msg":"用户名或密码错误"}-(request_method.py:27)
2020-06-18 23:04:40,564-INFO-LoginTest-日志信息：case.expected:{"status":0,"code":"20111","data":null,"msg":"用户名或密码错误"}-(test_login.py:35)
2020-06-18 23:04:40,627-INFO-LoginTest-日志信息：第8条用例测试结果：PASS-(test_login.py:39)
2020-06-18 23:05:54,917-INFO-invest-日志信息：this is a invest log info-(mylog.py:49)
2020-06-18 23:09:19,783-INFO-invest-日志信息：this is a invest log info-(mylog.py:49)
2020-06-18 23:09:19,904-INFO-request-日志信息：method:POST,url:http://test.lemonban.com/futureloan/mvc/api/member/login-(request_method.py:22)
2020-06-18 23:09:19,905-INFO-request-日志信息：data:{'mobilephone': '13522450475', 'pwd': '123456'}-(request_method.py:23)
2020-06-18 23:09:20,234-INFO-request-日志信息：response:{"status":1,"code":"10001","data":null,"msg":"登录成功"}-(request_method.py:32)
2020-06-18 23:09:20,234-INFO-LoginTest-日志信息：case.expected:{"status":1,"code":"10001","data":null,"msg":"登录成功"}-(test_login.py:35)
2020-06-18 23:09:20,327-INFO-LoginTest-日志信息：第1条用例测试结果：PASS-(test_login.py:39)
2020-06-18 23:09:20,328-INFO-request-日志信息：method:POST,url:http://test.lemonban.com/futureloan/mvc/api/member/login-(request_method.py:22)
2020-06-18 23:09:20,329-INFO-request-日志信息：data:{'mobilephone': ' ', 'pwd': '1234567'}-(request_method.py:23)
2020-06-18 23:09:20,374-INFO-request-日志信息：response:{"status":0,"code":"20103","data":null,"msg":"手机号不能为空"}-(request_method.py:32)
2020-06-18 23:09:20,375-INFO-LoginTest-日志信息：case.expected:{"status":0,"code":"20103","data":null,"msg":"手机号不能为空"}-(test_login.py:35)
2020-06-18 23:09:20,445-INFO-LoginTest-日志信息：第2条用例测试结果：PASS-(test_login.py:39)
2020-06-18 23:09:20,447-INFO-request-日志信息：method:POST,url:http://test.lemonban.com/futureloan/mvc/api/member/login-(request_method.py:22)
2020-06-18 23:09:20,447-INFO-request-日志信息：data:{'mobilephone': '13512345678', 'pwd': '1234568'}-(request_method.py:23)
2020-06-18 23:09:20,665-INFO-request-日志信息：response:{"status":0,"code":"20111","data":null,"msg":"用户名或密码错误"}-(request_method.py:32)
2020-06-18 23:09:20,665-INFO-LoginTest-日志信息：case.expected:{"status":0,"code":"20111","data":null,"msg":"用户名或密码错误"}-(test_login.py:35)
2020-06-18 23:09:20,741-INFO-LoginTest-日志信息：第3条用例测试结果：PASS-(test_login.py:39)
2020-06-18 23:09:20,742-INFO-request-日志信息：method:GET,url:http://test.lemonban.com/futureloan/mvc/api/member/login-(request_method.py:22)
2020-06-18 23:09:20,743-INFO-request-日志信息：data:{'mobilephone': '13512345678a', 'pwd': '1234569'}-(request_method.py:23)
2020-06-18 23:09:20,977-INFO-request-日志信息：response:{"status":0,"code":"20111","data":null,"msg":"用户名或密码错误"}-(request_method.py:27)
2020-06-18 23:09:20,978-INFO-LoginTest-日志信息：case.expected:{"status":0,"code":"20111","data":null,"msg":"用户名或密码错误"}-(test_login.py:35)
2020-06-18 23:09:21,043-INFO-LoginTest-日志信息：第4条用例测试结果：PASS-(test_login.py:39)
2020-06-18 23:09:21,045-INFO-request-日志信息：method:GET,url:http://test.lemonban.com/futureloan/mvc/api/member/login-(request_method.py:22)
2020-06-18 23:09:21,046-INFO-request-日志信息：data:{'mobilephone': '13512345678a', 'pwd': ' '}-(request_method.py:23)
2020-06-18 23:09:21,092-INFO-request-日志信息：response:{"status":0,"code":"20103","data":null,"msg":"密码不能为空"}-(request_method.py:27)
2020-06-18 23:09:21,092-INFO-LoginTest-日志信息：case.expected:{"status":0,"code":"20103","data":null,"msg":"密码不能为空"}-(test_login.py:35)
2020-06-18 23:09:21,175-INFO-LoginTest-日志信息：第5条用例测试结果：PASS-(test_login.py:39)
2020-06-18 23:09:21,176-INFO-request-日志信息：method:GET,url:http://test.lemonban.com/futureloan/mvc/api/member/login-(request_method.py:22)
2020-06-18 23:09:21,177-INFO-request-日志信息：data:{'mobilephone': '13522450475', 'pwd': '1234567'}-(request_method.py:23)
2020-06-18 23:09:21,424-INFO-request-日志信息：response:{"status":0,"code":"20111","data":null,"msg":"用户名或密码错误"}-(request_method.py:27)
2020-06-18 23:09:21,425-INFO-LoginTest-日志信息：case.expected:{"status":0,"code":"20111","data":null,"msg":"用户名或密码错误"}-(test_login.py:35)
2020-06-18 23:09:21,494-INFO-LoginTest-日志信息：第6条用例测试结果：PASS-(test_login.py:39)
2020-06-18 23:09:21,495-INFO-request-日志信息：method:GET,url:http://test.lemonban.com/futureloan/mvc/api/member/login-(request_method.py:22)
2020-06-18 23:09:21,496-INFO-request-日志信息：data:{'mobilephone': '13522450475', 'pwd': '1234567A'}-(request_method.py:23)
2020-06-18 23:09:21,717-INFO-request-日志信息：response:{"status":0,"code":"20111","data":null,"msg":"用户名或密码错误"}-(request_method.py:27)
2020-06-18 23:09:21,718-INFO-LoginTest-日志信息：case.expected:{"status":0,"code":"20111","data":null,"msg":"用户名或密码错误"}-(test_login.py:35)
2020-06-18 23:09:21,788-INFO-LoginTest-日志信息：第7条用例测试结果：PASS-(test_login.py:39)
2020-06-18 23:09:21,789-INFO-request-日志信息：method:GET,url:http://test.lemonban.com/futureloan/mvc/api/member/login-(request_method.py:22)
2020-06-18 23:09:21,790-INFO-request-日志信息：data:{'mobilephone': '13522450475', 'pwd': '@#$%@#'}-(request_method.py:23)
2020-06-18 23:09:22,022-INFO-request-日志信息：response:{"status":0,"code":"20111","data":null,"msg":"用户名或密码错误"}-(request_method.py:27)
2020-06-18 23:09:22,022-INFO-LoginTest-日志信息：case.expected:{"status":0,"code":"20111","data":null,"msg":"用户名或密码错误"}-(test_login.py:35)
2020-06-18 23:09:22,087-INFO-LoginTest-日志信息：第8条用例测试结果：PASS-(test_login.py:39)
2020-06-18 23:18:49,849-INFO-invest-日志信息：this is a invest log info-(mylog.py:49)
2020-06-18 23:18:53,338-INFO-request-日志信息：method:GET,url:http://test.lemonban.com/futureloan/mvc/api/member/login-(request_method.py:22)
2020-06-18 23:18:53,339-INFO-request-日志信息：data:{'mobilephone': '13522450475', 'pwd': '123456'}-(request_method.py:23)
2020-06-18 23:18:53,654-INFO-request-日志信息：response:{"status":1,"code":"10001","data":null,"msg":"登录成功"}-(request_method.py:27)
2020-06-18 23:18:53,739-INFO-request-日志信息：method:GET,url:http://test.lemonban.com/futureloan/mvc/api/loan/add-(request_method.py:22)
2020-06-18 23:18:53,739-INFO-request-日志信息：data:{'memberId': '58300', 'title': '试试人品行不行，借个2W玩玩', 'amount': 20000, 'loanRate': '12.0', 'loanTerm': 3, 'loanDateType': 0, 'repaymemtWay': 11, 'biddingDays': 5}-(request_method.py:23)
2020-06-18 23:18:53,898-INFO-request-日志信息：response:{"status":1,"code":"10001","data":null,"msg":"加标成功"}-(request_method.py:27)
2020-06-18 23:18:54,093-INFO-request-日志信息：method:POST,url:http://test.lemonban.com/futureloan/mvc/api/loan/audit-(request_method.py:22)
2020-06-18 23:18:54,094-INFO-request-日志信息：data:{'id': '183186', 'status': 4}-(request_method.py:23)
2020-06-18 23:18:54,229-INFO-request-日志信息：response:{"status":1,"code":"10001","data":null,"msg":"更新状态成功：竞标开始，当前标为竞标中状态"}-(request_method.py:32)
2020-06-18 23:18:54,306-INFO-request-日志信息：method:GET,url:http://test.lemonban.com/futureloan/mvc/api/member/login-(request_method.py:22)
2020-06-18 23:18:54,307-INFO-request-日志信息：data:{'mobilephone': '15810447656', 'pwd': '123456'}-(request_method.py:23)
2020-06-18 23:18:54,546-INFO-request-日志信息：response:{"status":1,"code":"10001","data":null,"msg":"登录成功"}-(request_method.py:27)
2020-06-18 23:18:54,616-INFO-request-日志信息：method:POST,url:http://test.lemonban.com/futureloan/mvc/api/member/bidLoan-(request_method.py:22)
2020-06-18 23:18:54,617-INFO-request-日志信息：data:{'memberId': '93831', 'password': '123456', 'loanId': '183186', 'amount': '100'}-(request_method.py:23)
2020-06-18 23:18:54,696-INFO-request-日志信息：response:{"status":1,"code":"10001","data":null,"msg":"竞标成功"}-(request_method.py:32)
2020-06-18 23:18:54,792-INFO-request-日志信息：method:POST,url:http://test.lemonban.com/futureloan/mvc/api/member/bidLoan-(request_method.py:22)
2020-06-18 23:18:54,793-INFO-request-日志信息：data:{'memberId': '93831', 'password': '123456', 'loanId': '183186', 'amount': ''}-(request_method.py:23)
2020-06-18 23:18:54,848-INFO-request-日志信息：response:{"status":0,"code":"11003","data":null,"msg":"参数错误:所有参数都不能为空"}-(request_method.py:32)
2020-06-18 23:18:54,927-INFO-request-日志信息：method:POST,url:http://test.lemonban.com/futureloan/mvc/api/member/bidLoan-(request_method.py:22)
2020-06-18 23:18:54,928-INFO-request-日志信息：data:{'memberId': '93831', 'password': '123456', 'loanId': '183186', 'amount': '-100'}-(request_method.py:23)
2020-06-18 23:18:54,979-INFO-request-日志信息：response:{"status":0,"code":"11007","data":null,"msg":"参数错误，投资金额必须是能被100整除的正整数"}-(request_method.py:32)
2020-06-18 23:19:24,796-INFO-invest-日志信息：this is a invest log info-(mylog.py:49)
2020-06-18 23:19:24,877-INFO-request-日志信息：method:GET,url:http://test.lemonban.com/futureloan/mvc/api/member/login-(request_method.py:22)
2020-06-18 23:19:24,878-INFO-request-日志信息：data:{'mobilephone': '13522450475', 'pwd': '123456'}-(request_method.py:23)
2020-06-18 23:19:25,190-INFO-request-日志信息：response:{"status":1,"code":"10001","data":null,"msg":"登录成功"}-(request_method.py:27)
2020-06-18 23:19:25,191-INFO-case-日志信息：case.expected:10001-(test_recharge.py:46)
2020-06-18 23:19:25,270-INFO-case-日志信息：这是第1条用例测试结果：PASS-(test_recharge.py:50)
2020-06-18 23:19:25,273-INFO-request-日志信息：method:POST,url:http://test.lemonban.com/futureloan/mvc/api/member/recharge-(request_method.py:22)
2020-06-18 23:19:25,274-INFO-request-日志信息：data:{'mobilephone': '13522450475', 'amount': '50000'}-(request_method.py:23)
2020-06-18 23:19:26,000-INFO-request-日志信息：response:{"status":1,"code":"10001","data":{"id":184797,"regname":"nicole","pwd":"E10ADC3949BA59ABBE56E057F20F883E","mobilephone":"13522450475","leaveamount":"1510600.00","type":"1","regtime":"2019-11-28 16:03:00.0"},"msg":"充值成功"}-(request_method.py:32)
2020-06-18 23:19:26,001-INFO-case-日志信息：case.expected:10001-(test_recharge.py:46)
2020-06-18 23:19:26,070-INFO-case-日志信息：这是第2条用例测试结果：PASS-(test_recharge.py:50)
2020-06-18 23:19:26,073-INFO-request-日志信息：method:POST,url:http://test.lemonban.com/futureloan/mvc/api/member/recharge-(request_method.py:22)
2020-06-18 23:19:26,073-INFO-request-日志信息：data:{'mobilephone': '', 'amount': '50.55'}-(request_method.py:23)
2020-06-18 23:19:26,120-INFO-request-日志信息：response:{"status":0,"code":"20103","data":null,"msg":"手机号不能为空"}-(request_method.py:32)
2020-06-18 23:19:26,120-INFO-case-日志信息：case.expected:20103-(test_recharge.py:46)
2020-06-18 23:19:26,187-INFO-case-日志信息：这是第3条用例测试结果：PASS-(test_recharge.py:50)
2020-06-18 23:19:26,191-INFO-request-日志信息：method:POST,url:http://test.lemonban.com/futureloan/mvc/api/member/recharge-(request_method.py:22)
2020-06-18 23:19:26,192-INFO-request-日志信息：data:{'mobilephone': '13522450475a', 'amount': '5000.1'}-(request_method.py:23)
2020-06-18 23:19:26,239-INFO-request-日志信息：response:{"status":0,"code":"20109","data":null,"msg":"手机号码格式不正确"}-(request_method.py:32)
2020-06-18 23:19:26,240-INFO-case-日志信息：case.expected:20109-(test_recharge.py:46)
2020-06-18 23:19:26,322-INFO-case-日志信息：这是第4条用例测试结果：PASS-(test_recharge.py:50)
2020-06-18 23:19:26,325-INFO-request-日志信息：method:POST,url:http://test.lemonban.com/futureloan/mvc/api/member/recharge-(request_method.py:22)
2020-06-18 23:19:26,325-INFO-request-日志信息：data:{'mobilephone': '13132768090', 'amount': '5000'}-(request_method.py:23)
2020-06-18 23:19:26,557-INFO-request-日志信息：response:{"status":0,"code":"20104","data":null,"msg":"此手机号对应的会员不存在"}-(request_method.py:32)
2020-06-18 23:19:26,557-INFO-case-日志信息：case.expected:20104-(test_recharge.py:46)
2020-06-18 23:19:26,631-INFO-case-日志信息：这是第5条用例测试结果：PASS-(test_recharge.py:50)
2020-06-18 23:19:26,634-INFO-request-日志信息：method:GET,url:http://test.lemonban.com/futureloan/mvc/api/member/recharge-(request_method.py:22)
2020-06-18 23:19:26,634-INFO-request-日志信息：data:{'mobilephone': '13522450475', 'amount': ''}-(request_method.py:23)
2020-06-18 23:19:26,697-INFO-request-日志信息：response:{"status":0,"code":"20115","data":null,"msg":"请输入金额"}-(request_method.py:27)
2020-06-18 23:19:26,698-INFO-case-日志信息：case.expected:20115-(test_recharge.py:46)
2020-06-18 23:19:26,770-INFO-case-日志信息：这是第6条用例测试结果：PASS-(test_recharge.py:50)
2020-06-18 23:19:26,772-INFO-request-日志信息：method:GET,url:http://test.lemonban.com/futureloan/mvc/api/member/recharge-(request_method.py:22)
2020-06-18 23:19:26,773-INFO-request-日志信息：data:{'mobilephone': '13522450475', 'amount': '500005.555'}-(request_method.py:23)
2020-06-18 23:19:26,818-INFO-request-日志信息：response:{"status":0,"code":"20116","data":null,"msg":"输入金额的金额小数不能超过两位"}-(request_method.py:27)
2020-06-18 23:19:26,818-INFO-case-日志信息：case.expected:20116-(test_recharge.py:46)
2020-06-18 23:19:26,903-INFO-case-日志信息：这是第7条用例测试结果：PASS-(test_recharge.py:50)
2020-06-18 23:19:26,907-INFO-request-日志信息：method:GET,url:http://test.lemonban.com/futureloan/mvc/api/member/recharge-(request_method.py:22)
2020-06-18 23:19:26,907-INFO-request-日志信息：data:{'mobilephone': '13522450475', 'amount': '-50'}-(request_method.py:23)
2020-06-18 23:19:26,964-INFO-request-日志信息：response:{"status":0,"code":"20117","data":null,"msg":"请输入范围在0到50万之间的正数金额"}-(request_method.py:27)
2020-06-18 23:19:26,964-INFO-case-日志信息：case.expected:20117-(test_recharge.py:46)
2020-06-18 23:19:27,053-INFO-case-日志信息：这是第8条用例测试结果：PASS-(test_recharge.py:50)
2020-06-18 23:19:27,057-INFO-request-日志信息：method:GET,url:http://test.lemonban.com/futureloan/mvc/api/member/recharge-(request_method.py:22)
2020-06-18 23:19:27,057-INFO-request-日志信息：data:{'mobilephone': '13522450475', 'amount': '5000000.1'}-(request_method.py:23)
2020-06-18 23:19:27,119-INFO-request-日志信息：response:{"status":0,"code":"20117","data":null,"msg":"请输入范围在0到50万之间的正数金额"}-(request_method.py:27)
2020-06-18 23:19:27,119-INFO-case-日志信息：case.expected:20117-(test_recharge.py:46)
2020-06-18 23:19:27,196-INFO-case-日志信息：这是第9条用例测试结果：PASS-(test_recharge.py:50)
2020-06-18 23:19:27,199-INFO-request-日志信息：method:GET,url:http://test.lemonban.com/futureloan/mvc/api/member/recharge-(request_method.py:22)
2020-06-18 23:19:27,199-INFO-request-日志信息：data:{'mobilephone': '13522450475', 'amount': '50000*'}-(request_method.py:23)
2020-06-18 23:19:27,249-INFO-request-日志信息：response:{"status":0,"code":"20118","data":null,"msg":"请输入数字"}-(request_method.py:27)
2020-06-18 23:19:27,249-INFO-case-日志信息：case.expected:20118-(test_recharge.py:46)
2020-06-18 23:19:27,323-INFO-case-日志信息：这是第10条用例测试结果：PASS-(test_recharge.py:50)
2020-06-18 23:19:46,142-INFO-invest-日志信息：this is a invest log info-(mylog.py:49)
2020-06-18 23:19:46,560-INFO-request-日志信息：method:GET,url:http://test.lemonban.com/futureloan/mvc/api/member/login-(request_method.py:22)
2020-06-18 23:19:46,560-INFO-request-日志信息：data:{'mobilephone': '13522450475', 'pwd': '123456'}-(request_method.py:23)
2020-06-18 23:19:46,870-INFO-request-日志信息：response:{"status":1,"code":"10001","data":null,"msg":"登录成功"}-(request_method.py:27)
2020-06-18 23:19:46,947-INFO-request-日志信息：method:GET,url:http://test.lemonban.com/futureloan/mvc/api/loan/add-(request_method.py:22)
2020-06-18 23:19:46,948-INFO-request-日志信息：data:{'memberId': '58300', 'title': '试试人品行不行，借个2W玩玩', 'amount': 20000, 'loanRate': '12.0', 'loanTerm': 3, 'loanDateType': 0, 'repaymemtWay': 11, 'biddingDays': 5}-(request_method.py:23)
2020-06-18 23:19:47,022-INFO-request-日志信息：response:{"status":1,"code":"10001","data":null,"msg":"加标成功"}-(request_method.py:27)
2020-06-18 23:19:47,241-INFO-request-日志信息：method:POST,url:http://test.lemonban.com/futureloan/mvc/api/loan/audit-(request_method.py:22)
2020-06-18 23:19:47,241-INFO-request-日志信息：data:{'id': '183187', 'status': 4}-(request_method.py:23)
2020-06-18 23:19:47,289-INFO-request-日志信息：response:{"status":1,"code":"10001","data":null,"msg":"更新状态成功：竞标开始，当前标为竞标中状态"}-(request_method.py:32)
2020-06-18 23:19:47,369-INFO-request-日志信息：method:GET,url:http://test.lemonban.com/futureloan/mvc/api/member/login-(request_method.py:22)
2020-06-18 23:19:47,369-INFO-request-日志信息：data:{'mobilephone': '15810447656', 'pwd': '123456'}-(request_method.py:23)
2020-06-18 23:19:47,583-INFO-request-日志信息：response:{"status":1,"code":"10001","data":null,"msg":"登录成功"}-(request_method.py:27)
2020-06-18 23:19:47,653-INFO-request-日志信息：method:POST,url:http://test.lemonban.com/futureloan/mvc/api/member/bidLoan-(request_method.py:22)
2020-06-18 23:19:47,654-INFO-request-日志信息：data:{'memberId': '93831', 'password': '123456', 'loanId': '183187', 'amount': '100'}-(request_method.py:23)
2020-06-18 23:19:47,730-INFO-request-日志信息：response:{"status":1,"code":"10001","data":null,"msg":"竞标成功"}-(request_method.py:32)
2020-06-18 23:19:47,804-INFO-request-日志信息：method:POST,url:http://test.lemonban.com/futureloan/mvc/api/member/bidLoan-(request_method.py:22)
2020-06-18 23:19:47,804-INFO-request-日志信息：data:{'memberId': '93831', 'password': '123456', 'loanId': '183187', 'amount': ''}-(request_method.py:23)
2020-06-18 23:19:47,877-INFO-request-日志信息：response:{"status":0,"code":"11003","data":null,"msg":"参数错误:所有参数都不能为空"}-(request_method.py:32)
2020-06-18 23:19:47,952-INFO-request-日志信息：method:POST,url:http://test.lemonban.com/futureloan/mvc/api/member/bidLoan-(request_method.py:22)
2020-06-18 23:19:47,952-INFO-request-日志信息：data:{'memberId': '93831', 'password': '123456', 'loanId': '183187', 'amount': '-100'}-(request_method.py:23)
2020-06-18 23:19:47,997-INFO-request-日志信息：response:{"status":0,"code":"11007","data":null,"msg":"参数错误，投资金额必须是能被100整除的正整数"}-(request_method.py:32)
2020-06-18 23:20:05,322-INFO-invest-日志信息：this is a invest log info-(mylog.py:49)
2020-06-18 23:20:05,422-INFO-request-日志信息：method:GET,url:http://test.lemonban.com/futureloan/mvc/api/member/login-(request_method.py:22)
2020-06-18 23:20:05,423-INFO-request-日志信息：data:{'mobilephone': '13522450475', 'pwd': '123456'}-(request_method.py:23)
2020-06-18 23:20:05,922-INFO-request-日志信息：response:{"status":1,"code":"10001","data":null,"msg":"登录成功"}-(request_method.py:27)
2020-06-18 23:20:05,922-INFO-case-日志信息：case.expected:10001-(test_recharge.py:46)
2020-06-18 23:20:06,000-INFO-case-日志信息：这是第1条用例测试结果：PASS-(test_recharge.py:50)
2020-06-18 23:20:06,002-INFO-request-日志信息：method:POST,url:http://test.lemonban.com/futureloan/mvc/api/member/recharge-(request_method.py:22)
2020-06-18 23:20:06,003-INFO-request-日志信息：data:{'mobilephone': '13522450475', 'amount': '50000'}-(request_method.py:23)
2020-06-18 23:20:06,692-INFO-request-日志信息：response:{"status":1,"code":"10001","data":{"id":184797,"regname":"nicole","pwd":"E10ADC3949BA59ABBE56E057F20F883E","mobilephone":"13522450475","leaveamount":"1560600.00","type":"1","regtime":"2019-11-28 16:03:00.0"},"msg":"充值成功"}-(request_method.py:32)
2020-06-18 23:20:06,693-INFO-case-日志信息：case.expected:10001-(test_recharge.py:46)
2020-06-18 23:20:06,761-INFO-case-日志信息：这是第2条用例测试结果：PASS-(test_recharge.py:50)
2020-06-18 23:20:06,764-INFO-request-日志信息：method:POST,url:http://test.lemonban.com/futureloan/mvc/api/member/recharge-(request_method.py:22)
2020-06-18 23:20:06,765-INFO-request-日志信息：data:{'mobilephone': '', 'amount': '50.55'}-(request_method.py:23)
2020-06-18 23:20:06,835-INFO-request-日志信息：response:{"status":0,"code":"20103","data":null,"msg":"手机号不能为空"}-(request_method.py:32)
2020-06-18 23:20:06,836-INFO-case-日志信息：case.expected:20103-(test_recharge.py:46)
2020-06-18 23:20:06,906-INFO-case-日志信息：这是第3条用例测试结果：PASS-(test_recharge.py:50)
2020-06-18 23:20:06,908-INFO-request-日志信息：method:POST,url:http://test.lemonban.com/futureloan/mvc/api/member/recharge-(request_method.py:22)
2020-06-18 23:20:06,909-INFO-request-日志信息：data:{'mobilephone': '13522450475a', 'amount': '5000.1'}-(request_method.py:23)
2020-06-18 23:20:06,956-INFO-request-日志信息：response:{"status":0,"code":"20109","data":null,"msg":"手机号码格式不正确"}-(request_method.py:32)
2020-06-18 23:20:06,957-INFO-case-日志信息：case.expected:20109-(test_recharge.py:46)
2020-06-18 23:20:07,026-INFO-case-日志信息：这是第4条用例测试结果：PASS-(test_recharge.py:50)
2020-06-18 23:20:07,031-INFO-request-日志信息：method:POST,url:http://test.lemonban.com/futureloan/mvc/api/member/recharge-(request_method.py:22)
2020-06-18 23:20:07,031-INFO-request-日志信息：data:{'mobilephone': '13132768090', 'amount': '5000'}-(request_method.py:23)
2020-06-18 23:20:07,244-INFO-request-日志信息：response:{"status":0,"code":"20104","data":null,"msg":"此手机号对应的会员不存在"}-(request_method.py:32)
2020-06-18 23:20:07,245-INFO-case-日志信息：case.expected:20104-(test_recharge.py:46)
2020-06-18 23:20:07,311-INFO-case-日志信息：这是第5条用例测试结果：PASS-(test_recharge.py:50)
2020-06-18 23:20:07,314-INFO-request-日志信息：method:GET,url:http://test.lemonban.com/futureloan/mvc/api/member/recharge-(request_method.py:22)
2020-06-18 23:20:07,315-INFO-request-日志信息：data:{'mobilephone': '13522450475', 'amount': ''}-(request_method.py:23)
2020-06-18 23:20:07,381-INFO-request-日志信息：response:{"status":0,"code":"20115","data":null,"msg":"请输入金额"}-(request_method.py:27)
2020-06-18 23:20:07,382-INFO-case-日志信息：case.expected:20115-(test_recharge.py:46)
2020-06-18 23:20:07,460-INFO-case-日志信息：这是第6条用例测试结果：PASS-(test_recharge.py:50)
2020-06-18 23:20:07,464-INFO-request-日志信息：method:GET,url:http://test.lemonban.com/futureloan/mvc/api/member/recharge-(request_method.py:22)
2020-06-18 23:20:07,465-INFO-request-日志信息：data:{'mobilephone': '13522450475', 'amount': '500005.555'}-(request_method.py:23)
2020-06-18 23:20:07,506-INFO-request-日志信息：response:{"status":0,"code":"20116","data":null,"msg":"输入金额的金额小数不能超过两位"}-(request_method.py:27)
2020-06-18 23:20:07,507-INFO-case-日志信息：case.expected:20116-(test_recharge.py:46)
2020-06-18 23:20:07,585-INFO-case-日志信息：这是第7条用例测试结果：PASS-(test_recharge.py:50)
2020-06-18 23:20:07,587-INFO-request-日志信息：method:GET,url:http://test.lemonban.com/futureloan/mvc/api/member/recharge-(request_method.py:22)
2020-06-18 23:20:07,587-INFO-request-日志信息：data:{'mobilephone': '13522450475', 'amount': '-50'}-(request_method.py:23)
2020-06-18 23:20:07,629-INFO-request-日志信息：response:{"status":0,"code":"20117","data":null,"msg":"请输入范围在0到50万之间的正数金额"}-(request_method.py:27)
2020-06-18 23:20:07,630-INFO-case-日志信息：case.expected:20117-(test_recharge.py:46)
2020-06-18 23:20:07,708-INFO-case-日志信息：这是第8条用例测试结果：PASS-(test_recharge.py:50)
2020-06-18 23:20:07,713-INFO-request-日志信息：method:GET,url:http://test.lemonban.com/futureloan/mvc/api/member/recharge-(request_method.py:22)
2020-06-18 23:20:07,714-INFO-request-日志信息：data:{'mobilephone': '13522450475', 'amount': '5000000.1'}-(request_method.py:23)
2020-06-18 23:20:07,756-INFO-request-日志信息：response:{"status":0,"code":"20117","data":null,"msg":"请输入范围在0到50万之间的正数金额"}-(request_method.py:27)
2020-06-18 23:20:07,756-INFO-case-日志信息：case.expected:20117-(test_recharge.py:46)
2020-06-18 23:20:07,826-INFO-case-日志信息：这是第9条用例测试结果：PASS-(test_recharge.py:50)
2020-06-18 23:20:07,829-INFO-request-日志信息：method:GET,url:http://test.lemonban.com/futureloan/mvc/api/member/recharge-(request_method.py:22)
2020-06-18 23:20:07,829-INFO-request-日志信息：data:{'mobilephone': '13522450475', 'amount': '50000*'}-(request_method.py:23)
2020-06-18 23:20:07,882-INFO-request-日志信息：response:{"status":0,"code":"20118","data":null,"msg":"请输入数字"}-(request_method.py:27)
2020-06-18 23:20:07,882-INFO-case-日志信息：case.expected:20118-(test_recharge.py:46)
2020-06-18 23:20:07,957-INFO-case-日志信息：这是第10条用例测试结果：PASS-(test_recharge.py:50)
2020-06-19 23:06:33,560-INFO-invest-日志信息：this is a invest log info-(mylog.py:49)
2020-06-19 23:06:33,634-INFO-request-日志信息：method:GET,url:http://test.lemonban.com/futureloan/mvc/api/member/login-(request_method.py:22)
2020-06-19 23:06:33,635-INFO-request-日志信息：data:{'mobilephone': '13522450475', 'pwd': '123456'}-(request_method.py:23)
2020-06-19 23:06:37,200-INFO-request-日志信息：response:{"status":1,"code":"10001","data":null,"msg":"登录成功"}-(request_method.py:27)
2020-06-19 23:06:37,200-INFO-case-日志信息：case.expected:10001-(test_recharge.py:46)
2020-06-19 23:06:37,268-INFO-case-日志信息：这是第1条用例测试结果：PASS-(test_recharge.py:50)
2020-06-19 23:06:37,271-INFO-request-日志信息：method:POST,url:http://test.lemonban.com/futureloan/mvc/api/member/recharge-(request_method.py:22)
2020-06-19 23:06:37,272-INFO-request-日志信息：data:{'mobilephone': '13522450475', 'amount': '50000'}-(request_method.py:23)
2020-06-19 23:06:37,899-INFO-request-日志信息：response:{"status":1,"code":"10001","data":{"id":184797,"regname":"nicole","pwd":"E10ADC3949BA59ABBE56E057F20F883E","mobilephone":"13522450475","leaveamount":"1610600.00","type":"1","regtime":"2019-11-28 16:03:00.0"},"msg":"充值成功"}-(request_method.py:32)
2020-06-19 23:06:37,899-INFO-case-日志信息：case.expected:10001-(test_recharge.py:46)
2020-06-19 23:06:37,960-INFO-case-日志信息：这是第2条用例测试结果：PASS-(test_recharge.py:50)
2020-06-19 23:06:37,962-INFO-request-日志信息：method:POST,url:http://test.lemonban.com/futureloan/mvc/api/member/recharge-(request_method.py:22)
2020-06-19 23:06:37,963-INFO-request-日志信息：data:{'mobilephone': '', 'amount': '50.55'}-(request_method.py:23)
2020-06-19 23:06:38,006-INFO-request-日志信息：response:{"status":0,"code":"20103","data":null,"msg":"手机号不能为空"}-(request_method.py:32)
2020-06-19 23:06:38,006-INFO-case-日志信息：case.expected:20103-(test_recharge.py:46)
2020-06-19 23:06:38,082-INFO-case-日志信息：这是第3条用例测试结果：PASS-(test_recharge.py:50)
2020-06-19 23:06:38,086-INFO-request-日志信息：method:POST,url:http://test.lemonban.com/futureloan/mvc/api/member/recharge-(request_method.py:22)
2020-06-19 23:06:38,086-INFO-request-日志信息：data:{'mobilephone': '13522450475a', 'amount': '5000.1'}-(request_method.py:23)
2020-06-19 23:06:38,134-INFO-request-日志信息：response:{"status":0,"code":"20109","data":null,"msg":"手机号码格式不正确"}-(request_method.py:32)
2020-06-19 23:06:38,134-INFO-case-日志信息：case.expected:20109-(test_recharge.py:46)
2020-06-19 23:06:38,204-INFO-case-日志信息：这是第4条用例测试结果：PASS-(test_recharge.py:50)
2020-06-19 23:06:38,207-INFO-request-日志信息：method:POST,url:http://test.lemonban.com/futureloan/mvc/api/member/recharge-(request_method.py:22)
2020-06-19 23:06:38,207-INFO-request-日志信息：data:{'mobilephone': '13132768090', 'amount': '5000'}-(request_method.py:23)
2020-06-19 23:06:38,417-INFO-request-日志信息：response:{"status":0,"code":"20104","data":null,"msg":"此手机号对应的会员不存在"}-(request_method.py:32)
2020-06-19 23:06:38,417-INFO-case-日志信息：case.expected:20104-(test_recharge.py:46)
2020-06-19 23:06:38,484-INFO-case-日志信息：这是第5条用例测试结果：PASS-(test_recharge.py:50)
2020-06-19 23:06:38,486-INFO-request-日志信息：method:GET,url:http://test.lemonban.com/futureloan/mvc/api/member/recharge-(request_method.py:22)
2020-06-19 23:06:38,487-INFO-request-日志信息：data:{'mobilephone': '13522450475', 'amount': ''}-(request_method.py:23)
2020-06-19 23:06:38,530-INFO-request-日志信息：response:{"status":0,"code":"20115","data":null,"msg":"请输入金额"}-(request_method.py:27)
2020-06-19 23:06:38,530-INFO-case-日志信息：case.expected:20115-(test_recharge.py:46)
2020-06-19 23:06:38,594-INFO-case-日志信息：这是第6条用例测试结果：PASS-(test_recharge.py:50)
2020-06-19 23:06:38,597-INFO-request-日志信息：method:GET,url:http://test.lemonban.com/futureloan/mvc/api/member/recharge-(request_method.py:22)
2020-06-19 23:06:38,597-INFO-request-日志信息：data:{'mobilephone': '13522450475', 'amount': '500005.555'}-(request_method.py:23)
2020-06-19 23:06:38,651-INFO-request-日志信息：response:{"status":0,"code":"20116","data":null,"msg":"输入金额的金额小数不能超过两位"}-(request_method.py:27)
2020-06-19 23:06:38,652-INFO-case-日志信息：case.expected:20116-(test_recharge.py:46)
2020-06-19 23:06:38,730-INFO-case-日志信息：这是第7条用例测试结果：PASS-(test_recharge.py:50)
2020-06-19 23:06:38,733-INFO-request-日志信息：method:GET,url:http://test.lemonban.com/futureloan/mvc/api/member/recharge-(request_method.py:22)
2020-06-19 23:06:38,733-INFO-request-日志信息：data:{'mobilephone': '13522450475', 'amount': '-50'}-(request_method.py:23)
2020-06-19 23:06:38,776-INFO-request-日志信息：response:{"status":0,"code":"20117","data":null,"msg":"请输入范围在0到50万之间的正数金额"}-(request_method.py:27)
2020-06-19 23:06:38,777-INFO-case-日志信息：case.expected:20117-(test_recharge.py:46)
2020-06-19 23:06:38,847-INFO-case-日志信息：这是第8条用例测试结果：PASS-(test_recharge.py:50)
2020-06-19 23:06:38,850-INFO-request-日志信息：method:GET,url:http://test.lemonban.com/futureloan/mvc/api/member/recharge-(request_method.py:22)
2020-06-19 23:06:38,850-INFO-request-日志信息：data:{'mobilephone': '13522450475', 'amount': '5000000.1'}-(request_method.py:23)
2020-06-19 23:06:38,894-INFO-request-日志信息：response:{"status":0,"code":"20117","data":null,"msg":"请输入范围在0到50万之间的正数金额"}-(request_method.py:27)
2020-06-19 23:06:38,895-INFO-case-日志信息：case.expected:20117-(test_recharge.py:46)
2020-06-19 23:06:38,964-INFO-case-日志信息：这是第9条用例测试结果：PASS-(test_recharge.py:50)
2020-06-19 23:06:38,967-INFO-request-日志信息：method:GET,url:http://test.lemonban.com/futureloan/mvc/api/member/recharge-(request_method.py:22)
2020-06-19 23:06:38,967-INFO-request-日志信息：data:{'mobilephone': '13522450475', 'amount': '50000*'}-(request_method.py:23)
2020-06-19 23:06:39,010-INFO-request-日志信息：response:{"status":0,"code":"20118","data":null,"msg":"请输入数字"}-(request_method.py:27)
2020-06-19 23:06:39,011-INFO-case-日志信息：case.expected:20118-(test_recharge.py:46)
2020-06-19 23:06:39,089-INFO-case-日志信息：这是第10条用例测试结果：PASS-(test_recharge.py:50)
2020-06-19 23:19:26,161-INFO-request-日志信息：method:POST,url:http://test.lemonban.com/futureloan/mvc/api/member/login-(request_method.py:22)
2020-06-19 23:19:26,165-INFO-request-日志信息：data:{'mobilephone': '13522450475', 'pwd': '123456'}-(request_method.py:23)
2020-06-19 23:19:26,571-INFO-request-日志信息：response:{"status":1,"code":"10001","data":null,"msg":"登录成功"}-(request_method.py:32)
2020-06-19 23:19:26,572-INFO-LoginTest-日志信息：case.expected:{"status":1,"code":"10001","data":null,"msg":"登录成功"}-(test_login.py:35)
2020-06-19 23:19:26,806-INFO-LoginTest-日志信息：第1条用例测试结果：PASS-(test_login.py:39)
2020-06-19 23:19:26,808-INFO-request-日志信息：method:POST,url:http://test.lemonban.com/futureloan/mvc/api/member/login-(request_method.py:22)
2020-06-19 23:19:26,809-INFO-request-日志信息：data:{'mobilephone': ' ', 'pwd': '1234567'}-(request_method.py:23)
2020-06-19 23:19:26,877-INFO-request-日志信息：response:{"status":0,"code":"20103","data":null,"msg":"手机号不能为空"}-(request_method.py:32)
2020-06-19 23:19:26,878-INFO-LoginTest-日志信息：case.expected:{"status":0,"code":"20103","data":null,"msg":"手机号不能为空"}-(test_login.py:35)
2020-06-19 23:19:27,108-INFO-LoginTest-日志信息：第2条用例测试结果：PASS-(test_login.py:39)
2020-06-19 23:19:27,111-INFO-request-日志信息：method:POST,url:http://test.lemonban.com/futureloan/mvc/api/member/login-(request_method.py:22)
2020-06-19 23:19:27,112-INFO-request-日志信息：data:{'mobilephone': '13512345678', 'pwd': '1234568'}-(request_method.py:23)
2020-06-19 23:19:27,370-INFO-request-日志信息：response:{"status":0,"code":"20111","data":null,"msg":"用户名或密码错误"}-(request_method.py:32)
2020-06-19 23:19:27,371-INFO-LoginTest-日志信息：case.expected:{"status":0,"code":"20111","data":null,"msg":"用户名或密码错误"}-(test_login.py:35)
2020-06-19 23:19:27,543-INFO-LoginTest-日志信息：第3条用例测试结果：PASS-(test_login.py:39)
2020-06-19 23:19:27,547-INFO-request-日志信息：method:GET,url:http://test.lemonban.com/futureloan/mvc/api/member/login-(request_method.py:22)
2020-06-19 23:19:27,548-INFO-request-日志信息：data:{'mobilephone': '13512345678a', 'pwd': '1234569'}-(request_method.py:23)
2020-06-19 23:19:27,770-INFO-request-日志信息：response:{"status":0,"code":"20111","data":null,"msg":"用户名或密码错误"}-(request_method.py:27)
2020-06-19 23:19:27,770-INFO-LoginTest-日志信息：case.expected:{"status":0,"code":"20111","data":null,"msg":"用户名或密码错误"}-(test_login.py:35)
2020-06-19 23:19:27,954-INFO-LoginTest-日志信息：第4条用例测试结果：PASS-(test_login.py:39)
2020-06-19 23:19:27,957-INFO-request-日志信息：method:GET,url:http://test.lemonban.com/futureloan/mvc/api/member/login-(request_method.py:22)
2020-06-19 23:19:27,957-INFO-request-日志信息：data:{'mobilephone': '13512345678a', 'pwd': ' '}-(request_method.py:23)
2020-06-19 23:19:28,043-INFO-request-日志信息：response:{"status":0,"code":"20103","data":null,"msg":"密码不能为空"}-(request_method.py:27)
2020-06-19 23:19:28,044-INFO-LoginTest-日志信息：case.expected:{"status":0,"code":"20103","data":null,"msg":"密码不能为空"}-(test_login.py:35)
2020-06-19 23:19:28,286-INFO-LoginTest-日志信息：第5条用例测试结果：PASS-(test_login.py:39)
2020-06-19 23:19:28,288-INFO-request-日志信息：method:GET,url:http://test.lemonban.com/futureloan/mvc/api/member/login-(request_method.py:22)
2020-06-19 23:19:28,289-INFO-request-日志信息：data:{'mobilephone': '13522450475', 'pwd': '1234567'}-(request_method.py:23)
2020-06-19 23:19:28,520-INFO-request-日志信息：response:{"status":0,"code":"20111","data":null,"msg":"用户名或密码错误"}-(request_method.py:27)
2020-06-19 23:19:28,520-INFO-LoginTest-日志信息：case.expected:{"status":0,"code":"20111","data":null,"msg":"用户名或密码错误"}-(test_login.py:35)
2020-06-19 23:19:28,769-INFO-LoginTest-日志信息：第6条用例测试结果：PASS-(test_login.py:39)
2020-06-19 23:19:28,771-INFO-request-日志信息：method:GET,url:http://test.lemonban.com/futureloan/mvc/api/member/login-(request_method.py:22)
2020-06-19 23:19:28,772-INFO-request-日志信息：data:{'mobilephone': '13522450475', 'pwd': '1234567A'}-(request_method.py:23)
2020-06-19 23:19:29,025-INFO-request-日志信息：response:{"status":0,"code":"20111","data":null,"msg":"用户名或密码错误"}-(request_method.py:27)
2020-06-19 23:19:29,026-INFO-LoginTest-日志信息：case.expected:{"status":0,"code":"20111","data":null,"msg":"用户名或密码错误"}-(test_login.py:35)
2020-06-19 23:19:29,194-INFO-LoginTest-日志信息：第7条用例测试结果：PASS-(test_login.py:39)
2020-06-19 23:19:29,198-INFO-request-日志信息：method:GET,url:http://test.lemonban.com/futureloan/mvc/api/member/login-(request_method.py:22)
2020-06-19 23:19:29,199-INFO-request-日志信息：data:{'mobilephone': '13522450475', 'pwd': '@#$%@#'}-(request_method.py:23)
2020-06-19 23:19:29,452-INFO-request-日志信息：response:{"status":0,"code":"20111","data":null,"msg":"用户名或密码错误"}-(request_method.py:27)
2020-06-19 23:19:29,453-INFO-LoginTest-日志信息：case.expected:{"status":0,"code":"20111","data":null,"msg":"用户名或密码错误"}-(test_login.py:35)
2020-06-19 23:19:29,711-INFO-LoginTest-日志信息：第8条用例测试结果：PASS-(test_login.py:39)
